<?xml version="1.0" encoding="UTF-8"?>
<!-- Generated by org.testng.reporters.JUnitXMLReporter -->
<testsuite ignored="3" hostname="DESKTOP-HSNMEPH" failures="2" tests="5" name="Default test(failed)" time="44.591" errors="0" timestamp="2022-07-12T14:55:14 ICT">
  <testcase classname="com.nexsoft.jcb.test.TestModulReport" name="@AfterMethod logout" time="4.648">
    <failure type="org.openqa.selenium.ElementClickInterceptedException" message="element click intercepted: Element &amp;lt;span&amp;gt;...&amp;lt;/span&amp;gt; is not clickable at point (63, 432). Other element would receive the click: &amp;lt;div class=&amp;quot;sidebar-bg&amp;quot;&amp;gt;&amp;lt;/div&amp;gt;
  (Session info: chrome=103.0.5060.114)
Build info: version: &amp;apos;4.0.0&amp;apos;, revision: &amp;apos;3a21814679&amp;apos;
System info: host: &amp;apos;DESKTOP-HSNMEPH&amp;apos;, ip: &amp;apos;10.0.0.218&amp;apos;, os.name: &amp;apos;Windows 11&amp;apos;, os.arch: &amp;apos;amd64&amp;apos;, os.version: &amp;apos;10.0&amp;apos;, java.version: &amp;apos;11.0.15&amp;apos;
Driver info: org.openqa.selenium.chrome.ChromeDriver
Command: [5cbc1d3b3489cc7d8339cbf551ff873a, clickElement {id=c4c2b9e2-6b08-4d6e-86b6-d17c1e467db5}]
Capabilities {acceptInsecureCerts: false, browserName: chrome, browserVersion: 103.0.5060.114, chrome: {chromedriverVersion: 102.0.5005.61 (0e59bcc00cc4..., userDataDir: C:\Users\NEXSOFT\AppData\Lo...}, goog:chromeOptions: {debuggerAddress: localhost:62631}, javascriptEnabled: true, networkConnectionEnabled: false, pageLoadStrategy: normal, platform: WINDOWS, platformName: WINDOWS, proxy: Proxy(), se:cdp: ws://localhost:62631/devtoo..., se:cdpVersion: 103.0.5060.114, setWindowRect: true, strictFileInteractability: false, timeouts: {implicit: 0, pageLoad: 300000, script: 30000}, unhandledPromptBehavior: dismiss and notify, webauthn:extension:credBlob: true, webauthn:extension:largeBlob: true, webauthn:virtualAuthenticators: true}
Element: [[ChromeDriver: chrome on WINDOWS (5cbc1d3b3489cc7d8339cbf551ff873a)] -&amp;gt; xpath: //span[normalize-space()=&amp;apos;Logout&amp;apos;]]
Session ID: 5cbc1d3b3489cc7d8339cbf551ff873a">
      <![CDATA[org.openqa.selenium.ElementClickInterceptedException: element click intercepted: Element <span>...</span> is not clickable at point (63, 432). Other element would receive the click: <div class="sidebar-bg"></div>
  (Session info: chrome=103.0.5060.114)
Build info: version: '4.0.0', revision: '3a21814679'
System info: host: 'DESKTOP-HSNMEPH', ip: '10.0.0.218', os.name: 'Windows 11', os.arch: 'amd64', os.version: '10.0', java.version: '11.0.15'
Driver info: org.openqa.selenium.chrome.ChromeDriver
Command: [5cbc1d3b3489cc7d8339cbf551ff873a, clickElement {id=c4c2b9e2-6b08-4d6e-86b6-d17c1e467db5}]
Capabilities {acceptInsecureCerts: false, browserName: chrome, browserVersion: 103.0.5060.114, chrome: {chromedriverVersion: 102.0.5005.61 (0e59bcc00cc4..., userDataDir: C:\Users\NEXSOFT\AppData\Lo...}, goog:chromeOptions: {debuggerAddress: localhost:62631}, javascriptEnabled: true, networkConnectionEnabled: false, pageLoadStrategy: normal, platform: WINDOWS, platformName: WINDOWS, proxy: Proxy(), se:cdp: ws://localhost:62631/devtoo..., se:cdpVersion: 103.0.5060.114, setWindowRect: true, strictFileInteractability: false, timeouts: {implicit: 0, pageLoad: 300000, script: 30000}, unhandledPromptBehavior: dismiss and notify, webauthn:extension:credBlob: true, webauthn:extension:largeBlob: true, webauthn:virtualAuthenticators: true}
Element: [[ChromeDriver: chrome on WINDOWS (5cbc1d3b3489cc7d8339cbf551ff873a)] -> xpath: //span[normalize-space()='Logout']]
Session ID: 5cbc1d3b3489cc7d8339cbf551ff873a
at org.openqa.selenium.remote.codec.w3c.W3CHttpResponseCodec.createException(W3CHttpResponseCodec.java:200)
at org.openqa.selenium.remote.codec.w3c.W3CHttpResponseCodec.decode(W3CHttpResponseCodec.java:133)
at org.openqa.selenium.remote.codec.w3c.W3CHttpResponseCodec.decode(W3CHttpResponseCodec.java:53)
at org.openqa.selenium.remote.HttpCommandExecutor.execute(HttpCommandExecutor.java:184)
at org.openqa.selenium.remote.service.DriverCommandExecutor.invokeExecute(DriverCommandExecutor.java:164)
at org.openqa.selenium.remote.service.DriverCommandExecutor.execute(DriverCommandExecutor.java:139)
at org.openqa.selenium.remote.RemoteWebDriver.execute(RemoteWebDriver.java:559)
at org.openqa.selenium.remote.RemoteWebElement.execute(RemoteWebElement.java:251)
at org.openqa.selenium.remote.RemoteWebElement.click(RemoteWebElement.java:77)
at com.nexsoft.jcb.test.TestModulReport.logout(TestModulReport.java:69)
at java.base/java.util.ArrayList.forEach(ArrayList.java:1541)
... Removed 36 stack frames]]>
    </failure>
  </testcase> <!-- @AfterMethod logout -->
  <testcase classname="com.nexsoft.jcb.test.TestModulReport" name="@BeforeMethod reset" time="0.0">
    <skipped/>
  </testcase> <!-- @BeforeMethod reset -->
  <testcase classname="com.nexsoft.jcb.test.TestModulReport" name="@AfterMethod logout" time="0.0">
    <skipped/>
  </testcase> <!-- @AfterMethod logout -->
  <testcase classname="com.nexsoft.jcb.test.TestModulReport" name="@AfterClass closeDriver" time="0.0">
    <skipped/>
  </testcase> <!-- @AfterClass closeDriver -->
  <testcase classname="com.nexsoft.jcb.test.TestModulReport" name="input_valid_data_report_merchant_click_process" time="9.853"/>
  <testcase classname="com.nexsoft.jcb.test.TestModulReport" name="input_valid_data_report_merchant_click_process_new_temp" time="8.787"/>
  <testcase classname="com.nexsoft.jcb.test.TestModulReport" name="input_invalid_data_tanggal_report_merchant_click_process" time="2.558">
    <failure type="java.lang.AssertionError" message="expected [false] but found [true]">
      <![CDATA[java.lang.AssertionError: expected [false] but found [true]
at com.nexsoft.jcb.test.TestModulReport.input_invalid_data_tanggal_report_merchant_click_process(TestModulReport.java:225)
at java.base/java.util.ArrayList.forEach(ArrayList.java:1541)
... Removed 31 stack frames]]>
    </failure>
  </testcase> <!-- input_invalid_data_tanggal_report_merchant_click_process -->
  <testcase classname="com.nexsoft.jcb.test.TestModulReport" name="input_invalid_data_report_merchant_click_process" time="1.829">
    <failure type="org.openqa.selenium.ElementClickInterceptedException" message="element click intercepted: Element &amp;lt;span&amp;gt;...&amp;lt;/span&amp;gt; is not clickable at point (62, 379). Other element would receive the click: &amp;lt;div class=&amp;quot;sidebar-bg&amp;quot;&amp;gt;&amp;lt;/div&amp;gt;
  (Session info: chrome=103.0.5060.114)
Build info: version: &amp;apos;4.0.0&amp;apos;, revision: &amp;apos;3a21814679&amp;apos;
System info: host: &amp;apos;DESKTOP-HSNMEPH&amp;apos;, ip: &amp;apos;10.0.0.218&amp;apos;, os.name: &amp;apos;Windows 11&amp;apos;, os.arch: &amp;apos;amd64&amp;apos;, os.version: &amp;apos;10.0&amp;apos;, java.version: &amp;apos;11.0.15&amp;apos;
Driver info: org.openqa.selenium.chrome.ChromeDriver
Command: [5cbc1d3b3489cc7d8339cbf551ff873a, clickElement {id=68ee393e-5960-4d09-ad0e-52a50506d72d}]
Capabilities {acceptInsecureCerts: false, browserName: chrome, browserVersion: 103.0.5060.114, chrome: {chromedriverVersion: 102.0.5005.61 (0e59bcc00cc4..., userDataDir: C:\Users\NEXSOFT\AppData\Lo...}, goog:chromeOptions: {debuggerAddress: localhost:62631}, javascriptEnabled: true, networkConnectionEnabled: false, pageLoadStrategy: normal, platform: WINDOWS, platformName: WINDOWS, proxy: Proxy(), se:cdp: ws://localhost:62631/devtoo..., se:cdpVersion: 103.0.5060.114, setWindowRect: true, strictFileInteractability: false, timeouts: {implicit: 0, pageLoad: 300000, script: 30000}, unhandledPromptBehavior: dismiss and notify, webauthn:extension:credBlob: true, webauthn:extension:largeBlob: true, webauthn:virtualAuthenticators: true}
Element: [[ChromeDriver: chrome on WINDOWS (5cbc1d3b3489cc7d8339cbf551ff873a)] -&amp;gt; xpath: //span[normalize-space()=&amp;apos;Report&amp;apos;]]
Session ID: 5cbc1d3b3489cc7d8339cbf551ff873a">
      <![CDATA[org.openqa.selenium.ElementClickInterceptedException: element click intercepted: Element <span>...</span> is not clickable at point (62, 379). Other element would receive the click: <div class="sidebar-bg"></div>
  (Session info: chrome=103.0.5060.114)
Build info: version: '4.0.0', revision: '3a21814679'
System info: host: 'DESKTOP-HSNMEPH', ip: '10.0.0.218', os.name: 'Windows 11', os.arch: 'amd64', os.version: '10.0', java.version: '11.0.15'
Driver info: org.openqa.selenium.chrome.ChromeDriver
Command: [5cbc1d3b3489cc7d8339cbf551ff873a, clickElement {id=68ee393e-5960-4d09-ad0e-52a50506d72d}]
Capabilities {acceptInsecureCerts: false, browserName: chrome, browserVersion: 103.0.5060.114, chrome: {chromedriverVersion: 102.0.5005.61 (0e59bcc00cc4..., userDataDir: C:\Users\NEXSOFT\AppData\Lo...}, goog:chromeOptions: {debuggerAddress: localhost:62631}, javascriptEnabled: true, networkConnectionEnabled: false, pageLoadStrategy: normal, platform: WINDOWS, platformName: WINDOWS, proxy: Proxy(), se:cdp: ws://localhost:62631/devtoo..., se:cdpVersion: 103.0.5060.114, setWindowRect: true, strictFileInteractability: false, timeouts: {implicit: 0, pageLoad: 300000, script: 30000}, unhandledPromptBehavior: dismiss and notify, webauthn:extension:credBlob: true, webauthn:extension:largeBlob: true, webauthn:virtualAuthenticators: true}
Element: [[ChromeDriver: chrome on WINDOWS (5cbc1d3b3489cc7d8339cbf551ff873a)] -> xpath: //span[normalize-space()='Report']]
Session ID: 5cbc1d3b3489cc7d8339cbf551ff873a
at org.openqa.selenium.remote.codec.w3c.W3CHttpResponseCodec.createException(W3CHttpResponseCodec.java:200)
at org.openqa.selenium.remote.codec.w3c.W3CHttpResponseCodec.decode(W3CHttpResponseCodec.java:133)
at org.openqa.selenium.remote.codec.w3c.W3CHttpResponseCodec.decode(W3CHttpResponseCodec.java:53)
at org.openqa.selenium.remote.HttpCommandExecutor.execute(HttpCommandExecutor.java:184)
at org.openqa.selenium.remote.service.DriverCommandExecutor.invokeExecute(DriverCommandExecutor.java:164)
at org.openqa.selenium.remote.service.DriverCommandExecutor.execute(DriverCommandExecutor.java:139)
at org.openqa.selenium.remote.RemoteWebDriver.execute(RemoteWebDriver.java:559)
at org.openqa.selenium.remote.RemoteWebElement.execute(RemoteWebElement.java:251)
at org.openqa.selenium.remote.RemoteWebElement.click(RemoteWebElement.java:77)
at org.openqa.selenium.support.pagefactory.internal.LocatingElementHandler.invoke(LocatingElementHandler.java:52)
at com.sun.proxy.$Proxy18.click(Unknown Source)
at com.nexsoft.jcb.pom.JCBHomePage.clickAndGotoMenuReport(JCBHomePage.java:117)
at com.nexsoft.jcb.test.TestModulReport.input_invalid_data_report_merchant_click_process(TestModulReport.java:239)
at java.base/java.util.ArrayList.forEach(ArrayList.java:1541)
... Removed 35 stack frames]]>
    </failure>
  </testcase> <!-- input_invalid_data_report_merchant_click_process -->
  <testcase classname="com.nexsoft.jcb.test.TestModulReport" name="input_invalid_data_report_merchant_click_process_new_temp" time="0.0">
    <skipped/>
  </testcase> <!-- input_invalid_data_report_merchant_click_process_new_temp -->
  <testcase classname="com.nexsoft.jcb.test.TestModulReport" name="input_valid_data_report_master_click_process_new_temp" time="0.0">
    <ignored/>
  </testcase> <!-- input_valid_data_report_master_click_process_new_temp -->
  <testcase classname="com.nexsoft.jcb.test.TestModulReport" name="input_valid_data_report_master_click_process" time="0.0">
    <ignored/>
  </testcase> <!-- input_valid_data_report_master_click_process -->
  <testcase classname="com.nexsoft.jcb.test.TestModulReport" name="click_menu_report_dari_halaman_utama" time="0.0">
    <ignored/>
  </testcase> <!-- click_menu_report_dari_halaman_utama -->
</testsuite> <!-- Default test(failed) -->
