<?xml version="1.0" encoding="UTF-8"?>
<!-- Generated by org.testng.reporters.JUnitXMLReporter -->
<testsuite ignored="1" hostname="DESKTOP-HSNMEPH" failures="5" tests="53" name="Worklist Test" time="1871.38" errors="0" timestamp="2022-07-14T23:41:04 ICT">
  <testcase classname="com.nexsoft.jcb.test.TestFiturAddNewDataPage" name="add_New_Data_with_valid_data1" time="7.654"/>
  <testcase classname="com.nexsoft.jcb.test.TestFiturAddNewDataPage" name="add_New_Data_with_valid_data2" time="8.875"/>
  <testcase classname="com.nexsoft.jcb.test.TestFiturAddNewDataPage" name="add_New_Data_with_valid_data3" time="8.484"/>
  <testcase classname="com.nexsoft.jcb.test.TestFiturAddNewDataPage" name="add_New_Data_with_valid_data4" time="9.405"/>
  <testcase classname="com.nexsoft.jcb.test.TestFiturAddNewDataPage" name="add_New_Data_with_invalid_data1" time="7.673">
    <failure type="java.lang.AssertionError" message="Seharusnya data tidak berhasil disimpan,karena data inputan tidak valid(tidak ada validasi untuk field input Merchant Name) expected [true] but found [false]">
      <![CDATA[java.lang.AssertionError: Seharusnya data tidak berhasil disimpan,karena data inputan tidak valid(tidak ada validasi untuk field input Merchant Name) expected [true] but found [false]
at com.nexsoft.jcb.test.TestFiturAddNewDataPage.add_New_Data_with_invalid_data1(TestFiturAddNewDataPage.java:285)
at java.base/java.util.ArrayList.forEach(ArrayList.java:1541)
... Removed 30 stack frames]]>
    </failure>
  </testcase> <!-- add_New_Data_with_invalid_data1 -->
  <testcase classname="com.nexsoft.jcb.test.TestFiturAddNewDataPage" name="add_New_Data_with_invalid_data2" time="6.593">
    <failure type="java.lang.AssertionError" message="Seharusnya data tidak berhasil disimpan,karena data inputan tidak valid(tidak ada validasi untuk field input PIC dan No Telp PIC) expected [true] but found [false]">
      <![CDATA[java.lang.AssertionError: Seharusnya data tidak berhasil disimpan,karena data inputan tidak valid(tidak ada validasi untuk field input PIC dan No Telp PIC) expected [true] but found [false]
at com.nexsoft.jcb.test.TestFiturAddNewDataPage.add_New_Data_with_invalid_data2(TestFiturAddNewDataPage.java:331)
at java.base/java.util.ArrayList.forEach(ArrayList.java:1541)
... Removed 30 stack frames]]>
    </failure>
  </testcase> <!-- add_New_Data_with_invalid_data2 -->
  <testcase classname="com.nexsoft.jcb.test.TestFiturNewData" name="cek_fitur_filter_newData" time="10.051"/>
  <testcase classname="com.nexsoft.jcb.test.TestFiturNewData" name="cek_fitur_search_newData" time="5.877"/>
  <testcase classname="com.nexsoft.jcb.test.TestFiturNewDataVisitPage" name="edit_data_valid_data_merchant" time="15.661"/>
  <testcase classname="com.nexsoft.jcb.test.TestFiturNewDataVisitPage" name="edit_data_blank_data_merchant" time="15.294"/>
  <testcase classname="com.nexsoft.jcb.test.TestFiturNewDataVisitPage" name="edit_data_invalid_data_merchant" time="13.826">
    <failure type="java.lang.AssertionError" message="expected [true] but found [false]">
      <![CDATA[java.lang.AssertionError: expected [true] but found [false]
at com.nexsoft.jcb.test.TestFiturNewDataVisitPage.edit_data_invalid_data_merchant(TestFiturNewDataVisitPage.java:181)
at java.base/java.util.ArrayList.forEach(ArrayList.java:1541)
... Removed 31 stack frames]]>
    </failure>
  </testcase> <!-- edit_data_invalid_data_merchant -->
  <testcase classname="com.nexsoft.jcb.test.TestFiturNewDataVisitPage" name="add_TID_valid_data" time="53.534"/>
  <testcase classname="com.nexsoft.jcb.test.TestFiturNewDataVisitPage" name="add_TID_invalid_data_size_file" time="30.062"/>
  <testcase classname="com.nexsoft.jcb.test.TestFiturNewDataVisitPage" name="add_TID_invalid_data_file_xlsx" time="22.217"/>
  <testcase classname="com.nexsoft.jcb.test.TestFiturNewDataVisitPage" name="add_TID_invalid_data_file_pdf" time="33.251"/>
  <testcase classname="com.nexsoft.jcb.test.TestFiturNewDataVisitPage" name="collateral_choice" time="11.08"/>
  <testcase classname="com.nexsoft.jcb.test.TestFiturNewDataVisitPage" name="gimmick_choice" time="9.133"/>
  <testcase classname="com.nexsoft.jcb.test.TestFiturNewDataVisitPage" name="upload_photo_visit_merchant" time="112.582"/>
  <testcase classname="com.nexsoft.jcb.test.TestFiturNewDataVisitPage" name="upload_photo_visit_merchant_invalid_data" time="137.611"/>
  <testcase classname="com.nexsoft.jcb.test.TestFiturNewDataOtherCondition" name="selectVisitStatusWithoutInputOtherStatus" time="6.06"/>
  <testcase classname="com.nexsoft.jcb.test.TestFiturNewDataOtherCondition" name="selectVisitStatusWithInputOtherStatus" time="12.11"/>
  <testcase classname="com.nexsoft.jcb.test.TestFiturReturn" name="cek_fitur_filter_return" time="10.567"/>
  <testcase classname="com.nexsoft.jcb.test.TestFiturReturn" name="cek_fitur_search_return" time="8.464"/>
  <testcase classname="com.nexsoft.jcb.test.TestFiturReturnVisitPage" name="edit_data_valid_data_merchant" time="15.091"/>
  <testcase classname="com.nexsoft.jcb.test.TestFiturReturnVisitPage" name="edit_data_blank_data_merchant" time="17.384"/>
  <testcase classname="com.nexsoft.jcb.test.TestFiturReturnVisitPage" name="edit_data_invalid_data_merchant" time="13.643">
    <failure type="java.lang.AssertionError" message="expected [true] but found [false]">
      <![CDATA[java.lang.AssertionError: expected [true] but found [false]
at com.nexsoft.jcb.test.TestFiturReturnVisitPage.edit_data_invalid_data_merchant(TestFiturReturnVisitPage.java:179)
at java.base/java.util.ArrayList.forEach(ArrayList.java:1541)
... Removed 31 stack frames]]>
    </failure>
  </testcase> <!-- edit_data_invalid_data_merchant -->
  <testcase classname="com.nexsoft.jcb.test.TestFiturReturnVisitPage" name="add_TID_valid_data" time="55.24"/>
  <testcase classname="com.nexsoft.jcb.test.TestFiturReturnVisitPage" name="add_TID_invalid_data_size_file" time="29.617"/>
  <testcase classname="com.nexsoft.jcb.test.TestFiturReturnVisitPage" name="add_TID_invalid_data_file_xlsx" time="22.535"/>
  <testcase classname="com.nexsoft.jcb.test.TestFiturReturnVisitPage" name="add_TID_invalid_data_file_pdf" time="32.052"/>
  <testcase classname="com.nexsoft.jcb.test.TestFiturReturnVisitPage" name="collateral_choice" time="10.013"/>
  <testcase classname="com.nexsoft.jcb.test.TestFiturReturnVisitPage" name="V_M_Amex__CUP_choice" time="12.382"/>
  <testcase classname="com.nexsoft.jcb.test.TestFiturReturnVisitPage" name="gimmick_choice" time="8.936"/>
  <testcase classname="com.nexsoft.jcb.test.TestFiturReturnVisitPage" name="upload_photo_visit_merchant" time="110.876"/>
  <testcase classname="com.nexsoft.jcb.test.TestFiturReturnVisitPage" name="upload_photo_visit_merchant_invalid_data" time="137.874"/>
  <testcase classname="com.nexsoft.jcb.test.TestFiturReturnOtherCondition" name="selectVisitStatusWithoutInputOtherStatus" time="5.951"/>
  <testcase classname="com.nexsoft.jcb.test.TestFiturReturnOtherCondition" name="selectVisitStatusWithInputOtherStatus" time="12.217"/>
  <testcase classname="com.nexsoft.jcb.test.TestFiturReject" name="cek_fitur_filter_reject" time="10.628"/>
  <testcase classname="com.nexsoft.jcb.test.TestFiturReject" name="cek_fitur_search_reject" time="9.383"/>
  <testcase classname="com.nexsoft.jcb.test.TestFiturRejectVisitPage" name="edit_data_valid_data_merchant" time="14.777"/>
  <testcase classname="com.nexsoft.jcb.test.TestFiturRejectVisitPage" name="edit_data_blank_data_merchant" time="14.898"/>
  <testcase classname="com.nexsoft.jcb.test.TestFiturRejectVisitPage" name="edit_data_invalid_data_merchant" time="13.832">
    <failure type="java.lang.AssertionError" message="expected [true] but found [false]">
      <![CDATA[java.lang.AssertionError: expected [true] but found [false]
at com.nexsoft.jcb.test.TestFiturRejectVisitPage.edit_data_invalid_data_merchant(TestFiturRejectVisitPage.java:178)
at java.base/java.util.ArrayList.forEach(ArrayList.java:1541)
... Removed 31 stack frames]]>
    </failure>
  </testcase> <!-- edit_data_invalid_data_merchant -->
  <testcase classname="com.nexsoft.jcb.test.TestFiturRejectVisitPage" name="add_TID_valid_data" time="48.012"/>
  <testcase classname="com.nexsoft.jcb.test.TestFiturRejectVisitPage" name="add_TID_invalid_data_size_file" time="28.615"/>
  <testcase classname="com.nexsoft.jcb.test.TestFiturRejectVisitPage" name="add_TID_invalid_data_file_xlsx" time="21.743"/>
  <testcase classname="com.nexsoft.jcb.test.TestFiturRejectVisitPage" name="add_TID_invalid_data_file_pdf" time="31.978"/>
  <testcase classname="com.nexsoft.jcb.test.TestFiturRejectVisitPage" name="collateral_choice" time="10.059"/>
  <testcase classname="com.nexsoft.jcb.test.TestFiturRejectVisitPage" name="V_M_Amex__CUP_choice" time="9.512"/>
  <testcase classname="com.nexsoft.jcb.test.TestFiturRejectVisitPage" name="gimmick_choice" time="8.826"/>
  <testcase classname="com.nexsoft.jcb.test.TestFiturRejectVisitPage" name="upload_photo_visit_merchant" time="104.207"/>
  <testcase classname="com.nexsoft.jcb.test.TestFiturRejectVisitPage" name="upload_photo_visit_merchant_invalid_data" time="131.326"/>
  <testcase classname="com.nexsoft.jcb.test.TestFiturRejectOtherCondition" name="selectVisitStatusWithoutInputOtherStatus" time="5.919"/>
  <testcase classname="com.nexsoft.jcb.test.TestFiturRejectOtherCondition" name="selectVisitStatusWithInputOtherStatus" time="12.345"/>
  <testcase classname="com.nexsoft.jcb.test.TestFiturNewDataVisitPage" name="V_M_Amex__CUP_choice" time="0.0">
    <ignored/>
  </testcase> <!-- V_M_Amex__CUP_choice -->
</testsuite> <!-- Worklist Test -->
