<html>
<head>
<title>TestNG:  Worklist Test</title>
<link href="../testng.css" rel="stylesheet" type="text/css" />
<link href="../my-testng.css" rel="stylesheet" type="text/css" />

<style type="text/css">
.log { display: none;} 
.stack-trace { display: none;} 
</style>
<script type="text/javascript">
<!--
function flip(e) {
  current = e.style.display;
  if (current == 'block') {
    e.style.display = 'none';
    return 0;
  }
  else {
    e.style.display = 'block';
    return 1;
  }
}

function toggleBox(szDivId, elem, msg1, msg2)
{
  var res = -1;  if (document.getElementById) {
    res = flip(document.getElementById(szDivId));
  }
  else if (document.all) {
    // this is the way old msie versions work
    res = flip(document.all[szDivId]);
  }
  if(elem) {
    if(res == 0) elem.innerHTML = msg1; else elem.innerHTML = msg2;
  }

}

function toggleAllBoxes() {
  if (document.getElementsByTagName) {
    d = document.getElementsByTagName('div');
    for (i = 0; i < d.length; i++) {
      if (d[i].className == 'log') {
        flip(d[i]);
      }
    }
  }
}

// -->
</script>

</head>
<body>
<h2 align='center'>Worklist Test</h2><table border='1' align="center">
<tr>
<td>Tests passed/Failed/Skipped:</td><td>48/5/0</td>
</tr><tr>
<td>Started on:</td><td>Thu Jul 14 21:12:32 ICT 2022</td>
</tr>
<tr><td>Total time:</td><td>1799 seconds (1799298 ms)</td>
</tr><tr>
<td>Included groups:</td><td></td>
</tr><tr>
<td>Excluded groups:</td><td></td>
</tr>
</table><p/>
<small><i>(Hover the method name to see the test class name)</i></small><p/>
<table width='100%' border='1' class='invocation-failed'>
<tr><td colspan='4' align='center'><b>FAILED TESTS</b></td></tr>
<tr><td><b>Test method</b></td>
<td><b>Attribute(s)</b></td>
<td width="30%"><b>Exception</b></td>
<td width="10%"><b>Time (seconds)</b></td>
<td><b>Instance</b></td>
</tr>
<tr>
<td title='com.nexsoft.jcb.test.TestFiturNewDataVisitPage.edit_data_invalid_data_merchant()'><b>edit_data_invalid_data_merchant</b><br>Test class: com.nexsoft.jcb.test.TestFiturNewDataVisitPage</td>
<td><div><pre>org.openqa.selenium.NoSuchElementException: no such element: Unable to locate element: {&quot;method&quot;:&quot;xpath&quot;,&quot;selector&quot;:&quot;//table[@id=&apos;data-worklist&apos;]/tbody/tr/td[2]/a/i&quot;}
  (Session info: chrome=103.0.5060.114)
For documentation on this error, please visit: https://selenium.dev/exceptions/#no_such_element
Build info: version: &apos;4.0.0&apos;, revision: &apos;3a21814679&apos;
System info: host: &apos;DESKTOP-HSNMEPH&apos;, ip: &apos;192.168.1.190&apos;, os.name: &apos;Windows 11&apos;, os.arch: &apos;amd64&apos;, os.version: &apos;10.0&apos;, java.version: &apos;11.0.15&apos;
Driver info: org.openqa.selenium.chrome.ChromeDriver
Command: [e7170ba7dbd48bb912ed35ee0e68c681, findElement {using=xpath, value=//table[@id=&apos;data-worklist&apos;]/tbody/tr/td[2]/a/i}]
Capabilities {acceptInsecureCerts: false, browserName: chrome, browserVersion: 103.0.5060.114, chrome: {chromedriverVersion: 102.0.5005.61 (0e59bcc00cc4..., userDataDir: C:\Users\NEXSOFT\AppData\Lo...}, goog:chromeOptions: {debuggerAddress: localhost:59890}, javascriptEnabled: true, networkConnectionEnabled: false, pageLoadStrategy: normal, platform: WINDOWS, platformName: WINDOWS, proxy: Proxy(), se:cdp: ws://localhost:59890/devtoo..., se:cdpVersion: 103.0.5060.114, setWindowRect: true, strictFileInteractability: false, timeouts: {implicit: 0, pageLoad: 300000, script: 30000}, unhandledPromptBehavior: dismiss and notify, webauthn:extension:credBlob: true, webauthn:extension:largeBlob: true, webauthn:virtualAuthenticators: true}
Session ID: e7170ba7dbd48bb912ed35ee0e68c681
	at org.openqa.selenium.remote.codec.w3c.W3CHttpResponseCodec.createException(W3CHttpResponseCodec.java:200)
	at org.openqa.selenium.remote.codec.w3c.W3CHttpResponseCodec.decode(W3CHttpResponseCodec.java:133)
	at org.openqa.selenium.remote.codec.w3c.W3CHttpResponseCodec.decode(W3CHttpResponseCodec.java:53)
	at org.openqa.selenium.remote.HttpCommandExecutor.execute(HttpCommandExecutor.java:184)
	at org.openqa.selenium.remote.service.DriverCommandExecutor.invokeExecute(DriverCommandExecutor.java:164)
	at org.openqa.selenium.remote.service.DriverCommandExecutor.execute(DriverCommandExecutor.java:139)
	at org.openqa.selenium.remote.RemoteWebDriver.execute(RemoteWebDriver.java:559)
	at org.openqa.selenium.remote.ElementLocation$ElementFinder$2.findElement(ElementLocation.java:162)
	at org.openqa.selenium.remote.ElementLocation.findElement(ElementLocation.java:60)
	at org.openqa.selenium.remote.RemoteWebDriver.findElement(RemoteWebDriver.java:383)
	at org.openqa.selenium.remote.RemoteWebDriver.findElement(RemoteWebDriver.java:375)
	at org.openqa.selenium.support.pagefactory.DefaultElementLocator.findElement(DefaultElementLocator.java:70)
	at org.openqa.selenium.support.pagefactory.internal.LocatingElementHandler.invoke(LocatingElementHandler.java:39)
	at com.sun.proxy.$Proxy18.click(Unknown Source)
	at com.nexsoft.jcb.pom.JCBNewDataPage.clickBtnVisitAndGoToVisitPage(JCBNewDataPage.java:76)
	at com.nexsoft.jcb.test.TestFiturNewDataVisitPage.edit_data_invalid_data_merchant(TestFiturNewDataVisitPage.java:162)
	at java.base/java.util.ArrayList.forEach(ArrayList.java:1541)
... Removed 31 stack frames</pre></div><a href='#' onClick='toggleBox("stack-trace1016994270", this, "Click to show all stack frames", "Click to hide stack frames")'>Click to show all stack frames</a>
<div class='stack-trace' id='stack-trace1016994270'><pre>org.openqa.selenium.NoSuchElementException: no such element: Unable to locate element: {&quot;method&quot;:&quot;xpath&quot;,&quot;selector&quot;:&quot;//table[@id=&apos;data-worklist&apos;]/tbody/tr/td[2]/a/i&quot;}
  (Session info: chrome=103.0.5060.114)
For documentation on this error, please visit: https://selenium.dev/exceptions/#no_such_element
Build info: version: &apos;4.0.0&apos;, revision: &apos;3a21814679&apos;
System info: host: &apos;DESKTOP-HSNMEPH&apos;, ip: &apos;192.168.1.190&apos;, os.name: &apos;Windows 11&apos;, os.arch: &apos;amd64&apos;, os.version: &apos;10.0&apos;, java.version: &apos;11.0.15&apos;
Driver info: org.openqa.selenium.chrome.ChromeDriver
Command: [e7170ba7dbd48bb912ed35ee0e68c681, findElement {using=xpath, value=//table[@id=&apos;data-worklist&apos;]/tbody/tr/td[2]/a/i}]
Capabilities {acceptInsecureCerts: false, browserName: chrome, browserVersion: 103.0.5060.114, chrome: {chromedriverVersion: 102.0.5005.61 (0e59bcc00cc4..., userDataDir: C:\Users\NEXSOFT\AppData\Lo...}, goog:chromeOptions: {debuggerAddress: localhost:59890}, javascriptEnabled: true, networkConnectionEnabled: false, pageLoadStrategy: normal, platform: WINDOWS, platformName: WINDOWS, proxy: Proxy(), se:cdp: ws://localhost:59890/devtoo..., se:cdpVersion: 103.0.5060.114, setWindowRect: true, strictFileInteractability: false, timeouts: {implicit: 0, pageLoad: 300000, script: 30000}, unhandledPromptBehavior: dismiss and notify, webauthn:extension:credBlob: true, webauthn:extension:largeBlob: true, webauthn:virtualAuthenticators: true}
Session ID: e7170ba7dbd48bb912ed35ee0e68c681
	at java.base/jdk.internal.reflect.NativeConstructorAccessorImpl.newInstance0(Native Method)
	at java.base/jdk.internal.reflect.NativeConstructorAccessorImpl.newInstance(NativeConstructorAccessorImpl.java:62)
	at java.base/jdk.internal.reflect.DelegatingConstructorAccessorImpl.newInstance(DelegatingConstructorAccessorImpl.java:45)
	at java.base/java.lang.reflect.Constructor.newInstance(Constructor.java:490)
	at org.openqa.selenium.remote.codec.w3c.W3CHttpResponseCodec.createException(W3CHttpResponseCodec.java:200)
	at org.openqa.selenium.remote.codec.w3c.W3CHttpResponseCodec.decode(W3CHttpResponseCodec.java:133)
	at org.openqa.selenium.remote.codec.w3c.W3CHttpResponseCodec.decode(W3CHttpResponseCodec.java:53)
	at org.openqa.selenium.remote.HttpCommandExecutor.execute(HttpCommandExecutor.java:184)
	at org.openqa.selenium.remote.service.DriverCommandExecutor.invokeExecute(DriverCommandExecutor.java:164)
	at org.openqa.selenium.remote.service.DriverCommandExecutor.execute(DriverCommandExecutor.java:139)
	at org.openqa.selenium.remote.RemoteWebDriver.execute(RemoteWebDriver.java:559)
	at org.openqa.selenium.remote.ElementLocation$ElementFinder$2.findElement(ElementLocation.java:162)
	at org.openqa.selenium.remote.ElementLocation.findElement(ElementLocation.java:60)
	at org.openqa.selenium.remote.RemoteWebDriver.findElement(RemoteWebDriver.java:383)
	at org.openqa.selenium.remote.RemoteWebDriver.findElement(RemoteWebDriver.java:375)
	at org.openqa.selenium.support.pagefactory.DefaultElementLocator.findElement(DefaultElementLocator.java:70)
	at org.openqa.selenium.support.pagefactory.internal.LocatingElementHandler.invoke(LocatingElementHandler.java:39)
	at com.sun.proxy.$Proxy18.click(Unknown Source)
	at com.nexsoft.jcb.pom.JCBNewDataPage.clickBtnVisitAndGoToVisitPage(JCBNewDataPage.java:76)
	at com.nexsoft.jcb.test.TestFiturNewDataVisitPage.edit_data_invalid_data_merchant(TestFiturNewDataVisitPage.java:162)
	at java.base/jdk.internal.reflect.NativeMethodAccessorImpl.invoke0(Native Method)
	at java.base/jdk.internal.reflect.NativeMethodAccessorImpl.invoke(NativeMethodAccessorImpl.java:62)
	at java.base/jdk.internal.reflect.DelegatingMethodAccessorImpl.invoke(DelegatingMethodAccessorImpl.java:43)
	at java.base/java.lang.reflect.Method.invoke(Method.java:566)
	at org.testng.internal.invokers.MethodInvocationHelper.invokeMethod(MethodInvocationHelper.java:139)
	at org.testng.internal.invokers.TestInvoker.invokeMethod(TestInvoker.java:677)
	at org.testng.internal.invokers.TestInvoker.invokeTestMethod(TestInvoker.java:221)
	at org.testng.internal.invokers.MethodRunner.runInSequence(MethodRunner.java:50)
	at org.testng.internal.invokers.TestInvoker$MethodInvocationAgent.invoke(TestInvoker.java:962)
	at org.testng.internal.invokers.TestInvoker.invokeTestMethods(TestInvoker.java:194)
	at org.testng.internal.invokers.TestMethodWorker.invokeTestMethods(TestMethodWorker.java:148)
	at org.testng.internal.invokers.TestMethodWorker.run(TestMethodWorker.java:128)
	at java.base/java.util.ArrayList.forEach(ArrayList.java:1541)
	at org.testng.TestRunner.privateRun(TestRunner.java:806)
	at org.testng.TestRunner.run(TestRunner.java:601)
	at org.testng.SuiteRunner.runTest(SuiteRunner.java:433)
	at org.testng.SuiteRunner.runSequentially(SuiteRunner.java:427)
	at org.testng.SuiteRunner.privateRun(SuiteRunner.java:387)
	at org.testng.SuiteRunner.run(SuiteRunner.java:330)
	at org.testng.SuiteRunnerWorker.runSuite(SuiteRunnerWorker.java:52)
	at org.testng.SuiteRunnerWorker.run(SuiteRunnerWorker.java:95)
	at org.testng.TestNG.runSuitesSequentially(TestNG.java:1256)
	at org.testng.TestNG.runSuitesLocally(TestNG.java:1176)
	at org.testng.TestNG.runSuites(TestNG.java:1099)
	at org.testng.TestNG.run(TestNG.java:1067)
	at org.testng.remote.AbstractRemoteTestNG.run(AbstractRemoteTestNG.java:115)
	at org.testng.remote.RemoteTestNG.initAndRun(RemoteTestNG.java:251)
	at org.testng.remote.RemoteTestNG.main(RemoteTestNG.java:77)
</pre></div></td>
<td>5</td>
<td>com.nexsoft.jcb.test.TestFiturNewDataVisitPage@268f106e</td></tr>
<tr>
<td title='com.nexsoft.jcb.test.TestFiturAddNewDataPage.add_New_Data_with_invalid_data2()'><b>add_New_Data_with_invalid_data2</b><br>Test class: com.nexsoft.jcb.test.TestFiturAddNewDataPage<br/>
<a href="#Output-45790744" onClick='toggleBox("Output-45790744", this, "Show output", "Hide output");'>Show output</a>

<a href="#Output-45790744" onClick="toggleAllBoxes();">Show all outputs</a>
<div class='log' id="Output-45790744">
<img src='file://D:\Bootcamp\jcb\Screenshot\Error_20220714_211346.PNG'height="350" width="792"/><br/>
</div>
</td>
<td><div><pre>java.lang.AssertionError: Seharusnya data tidak berhasil disimpan,karena data inputan tidak valid(tidak ada validasi untuk field input PIC dan No Telp PIC) expected [true] but found [false]
	at com.nexsoft.jcb.test.TestFiturAddNewDataPage.add_New_Data_with_invalid_data2(TestFiturAddNewDataPage.java:331)
	at java.base/java.util.ArrayList.forEach(ArrayList.java:1541)
... Removed 30 stack frames</pre></div><a href='#' onClick='toggleBox("stack-trace45790744", this, "Click to show all stack frames", "Click to hide stack frames")'>Click to show all stack frames</a>
<div class='stack-trace' id='stack-trace45790744'><pre>java.lang.AssertionError: Seharusnya data tidak berhasil disimpan,karena data inputan tidak valid(tidak ada validasi untuk field input PIC dan No Telp PIC) expected [true] but found [false]
	at org.testng.Assert.fail(Assert.java:110)
	at org.testng.Assert.failNotEquals(Assert.java:1413)
	at org.testng.Assert.assertTrue(Assert.java:56)
	at com.nexsoft.jcb.test.TestFiturAddNewDataPage.add_New_Data_with_invalid_data2(TestFiturAddNewDataPage.java:331)
	at java.base/jdk.internal.reflect.NativeMethodAccessorImpl.invoke0(Native Method)
	at java.base/jdk.internal.reflect.NativeMethodAccessorImpl.invoke(NativeMethodAccessorImpl.java:62)
	at java.base/jdk.internal.reflect.DelegatingMethodAccessorImpl.invoke(DelegatingMethodAccessorImpl.java:43)
	at java.base/java.lang.reflect.Method.invoke(Method.java:566)
	at org.testng.internal.invokers.MethodInvocationHelper.invokeMethod(MethodInvocationHelper.java:139)
	at org.testng.internal.invokers.TestInvoker.invokeMethod(TestInvoker.java:677)
	at org.testng.internal.invokers.TestInvoker.invokeTestMethod(TestInvoker.java:221)
	at org.testng.internal.invokers.MethodRunner.runInSequence(MethodRunner.java:50)
	at org.testng.internal.invokers.TestInvoker$MethodInvocationAgent.invoke(TestInvoker.java:962)
	at org.testng.internal.invokers.TestInvoker.invokeTestMethods(TestInvoker.java:194)
	at org.testng.internal.invokers.TestMethodWorker.invokeTestMethods(TestMethodWorker.java:148)
	at org.testng.internal.invokers.TestMethodWorker.run(TestMethodWorker.java:128)
	at java.base/java.util.ArrayList.forEach(ArrayList.java:1541)
	at org.testng.TestRunner.privateRun(TestRunner.java:806)
	at org.testng.TestRunner.run(TestRunner.java:601)
	at org.testng.SuiteRunner.runTest(SuiteRunner.java:433)
	at org.testng.SuiteRunner.runSequentially(SuiteRunner.java:427)
	at org.testng.SuiteRunner.privateRun(SuiteRunner.java:387)
	at org.testng.SuiteRunner.run(SuiteRunner.java:330)
	at org.testng.SuiteRunnerWorker.runSuite(SuiteRunnerWorker.java:52)
	at org.testng.SuiteRunnerWorker.run(SuiteRunnerWorker.java:95)
	at org.testng.TestNG.runSuitesSequentially(TestNG.java:1256)
	at org.testng.TestNG.runSuitesLocally(TestNG.java:1176)
	at org.testng.TestNG.runSuites(TestNG.java:1099)
	at org.testng.TestNG.run(TestNG.java:1067)
	at org.testng.remote.AbstractRemoteTestNG.run(AbstractRemoteTestNG.java:115)
	at org.testng.remote.RemoteTestNG.initAndRun(RemoteTestNG.java:251)
	at org.testng.remote.RemoteTestNG.main(RemoteTestNG.java:77)
</pre></div></td>
<td>5</td>
<td>com.nexsoft.jcb.test.TestFiturAddNewDataPage@2767e23c</td></tr>
<tr>
<td title='com.nexsoft.jcb.test.TestFiturRejectVisitPage.edit_data_invalid_data_merchant()'><b>edit_data_invalid_data_merchant</b><br>Test class: com.nexsoft.jcb.test.TestFiturRejectVisitPage<br/>
<a href="#Output-1719157022" onClick='toggleBox("Output-1719157022", this, "Show output", "Hide output");'>Show output</a>

<a href="#Output-1719157022" onClick="toggleAllBoxes();">Show all outputs</a>
<div class='log' id="Output-1719157022">
<img src='file://D:\Bootcamp\jcb\Screenshot\Error_20220714_213428.PNG'height="350" width="792"/><br/>
</div>
</td>
<td><div><pre>java.lang.AssertionError: expected [true] but found [false]
	at com.nexsoft.jcb.test.TestFiturRejectVisitPage.edit_data_invalid_data_merchant(TestFiturRejectVisitPage.java:178)
	at java.base/java.util.ArrayList.forEach(ArrayList.java:1541)
... Removed 31 stack frames</pre></div><a href='#' onClick='toggleBox("stack-trace1719157022", this, "Click to show all stack frames", "Click to hide stack frames")'>Click to show all stack frames</a>
<div class='stack-trace' id='stack-trace1719157022'><pre>java.lang.AssertionError: expected [true] but found [false]
	at org.testng.Assert.fail(Assert.java:110)
	at org.testng.Assert.failNotEquals(Assert.java:1413)
	at org.testng.Assert.assertTrue(Assert.java:56)
	at org.testng.Assert.assertTrue(Assert.java:66)
	at com.nexsoft.jcb.test.TestFiturRejectVisitPage.edit_data_invalid_data_merchant(TestFiturRejectVisitPage.java:178)
	at java.base/jdk.internal.reflect.NativeMethodAccessorImpl.invoke0(Native Method)
	at java.base/jdk.internal.reflect.NativeMethodAccessorImpl.invoke(NativeMethodAccessorImpl.java:62)
	at java.base/jdk.internal.reflect.DelegatingMethodAccessorImpl.invoke(DelegatingMethodAccessorImpl.java:43)
	at java.base/java.lang.reflect.Method.invoke(Method.java:566)
	at org.testng.internal.invokers.MethodInvocationHelper.invokeMethod(MethodInvocationHelper.java:139)
	at org.testng.internal.invokers.TestInvoker.invokeMethod(TestInvoker.java:677)
	at org.testng.internal.invokers.TestInvoker.invokeTestMethod(TestInvoker.java:221)
	at org.testng.internal.invokers.MethodRunner.runInSequence(MethodRunner.java:50)
	at org.testng.internal.invokers.TestInvoker$MethodInvocationAgent.invoke(TestInvoker.java:962)
	at org.testng.internal.invokers.TestInvoker.invokeTestMethods(TestInvoker.java:194)
	at org.testng.internal.invokers.TestMethodWorker.invokeTestMethods(TestMethodWorker.java:148)
	at org.testng.internal.invokers.TestMethodWorker.run(TestMethodWorker.java:128)
	at java.base/java.util.ArrayList.forEach(ArrayList.java:1541)
	at org.testng.TestRunner.privateRun(TestRunner.java:806)
	at org.testng.TestRunner.run(TestRunner.java:601)
	at org.testng.SuiteRunner.runTest(SuiteRunner.java:433)
	at org.testng.SuiteRunner.runSequentially(SuiteRunner.java:427)
	at org.testng.SuiteRunner.privateRun(SuiteRunner.java:387)
	at org.testng.SuiteRunner.run(SuiteRunner.java:330)
	at org.testng.SuiteRunnerWorker.runSuite(SuiteRunnerWorker.java:52)
	at org.testng.SuiteRunnerWorker.run(SuiteRunnerWorker.java:95)
	at org.testng.TestNG.runSuitesSequentially(TestNG.java:1256)
	at org.testng.TestNG.runSuitesLocally(TestNG.java:1176)
	at org.testng.TestNG.runSuites(TestNG.java:1099)
	at org.testng.TestNG.run(TestNG.java:1067)
	at org.testng.remote.AbstractRemoteTestNG.run(AbstractRemoteTestNG.java:115)
	at org.testng.remote.RemoteTestNG.initAndRun(RemoteTestNG.java:251)
	at org.testng.remote.RemoteTestNG.main(RemoteTestNG.java:77)
</pre></div></td>
<td>12</td>
<td>com.nexsoft.jcb.test.TestFiturRejectVisitPage@31ea9581</td></tr>
<tr>
<td title='com.nexsoft.jcb.test.TestFiturReturnVisitPage.edit_data_invalid_data_merchant()'><b>edit_data_invalid_data_merchant</b><br>Test class: com.nexsoft.jcb.test.TestFiturReturnVisitPage<br/>
<a href="#Output-1947138087" onClick='toggleBox("Output-1947138087", this, "Show output", "Hide output");'>Show output</a>

<a href="#Output-1947138087" onClick="toggleAllBoxes();">Show all outputs</a>
<div class='log' id="Output-1947138087">
<img src='file://D:\Bootcamp\jcb\Screenshot\Error_20220714_212448.PNG'height="350" width="792"/><br/>
</div>
</td>
<td><div><pre>java.lang.AssertionError: expected [true] but found [false]
	at com.nexsoft.jcb.test.TestFiturReturnVisitPage.edit_data_invalid_data_merchant(TestFiturReturnVisitPage.java:179)
	at java.base/java.util.ArrayList.forEach(ArrayList.java:1541)
... Removed 31 stack frames</pre></div><a href='#' onClick='toggleBox("stack-trace1947138087", this, "Click to show all stack frames", "Click to hide stack frames")'>Click to show all stack frames</a>
<div class='stack-trace' id='stack-trace1947138087'><pre>java.lang.AssertionError: expected [true] but found [false]
	at org.testng.Assert.fail(Assert.java:110)
	at org.testng.Assert.failNotEquals(Assert.java:1413)
	at org.testng.Assert.assertTrue(Assert.java:56)
	at org.testng.Assert.assertTrue(Assert.java:66)
	at com.nexsoft.jcb.test.TestFiturReturnVisitPage.edit_data_invalid_data_merchant(TestFiturReturnVisitPage.java:179)
	at java.base/jdk.internal.reflect.NativeMethodAccessorImpl.invoke0(Native Method)
	at java.base/jdk.internal.reflect.NativeMethodAccessorImpl.invoke(NativeMethodAccessorImpl.java:62)
	at java.base/jdk.internal.reflect.DelegatingMethodAccessorImpl.invoke(DelegatingMethodAccessorImpl.java:43)
	at java.base/java.lang.reflect.Method.invoke(Method.java:566)
	at org.testng.internal.invokers.MethodInvocationHelper.invokeMethod(MethodInvocationHelper.java:139)
	at org.testng.internal.invokers.TestInvoker.invokeMethod(TestInvoker.java:677)
	at org.testng.internal.invokers.TestInvoker.invokeTestMethod(TestInvoker.java:221)
	at org.testng.internal.invokers.MethodRunner.runInSequence(MethodRunner.java:50)
	at org.testng.internal.invokers.TestInvoker$MethodInvocationAgent.invoke(TestInvoker.java:962)
	at org.testng.internal.invokers.TestInvoker.invokeTestMethods(TestInvoker.java:194)
	at org.testng.internal.invokers.TestMethodWorker.invokeTestMethods(TestMethodWorker.java:148)
	at org.testng.internal.invokers.TestMethodWorker.run(TestMethodWorker.java:128)
	at java.base/java.util.ArrayList.forEach(ArrayList.java:1541)
	at org.testng.TestRunner.privateRun(TestRunner.java:806)
	at org.testng.TestRunner.run(TestRunner.java:601)
	at org.testng.SuiteRunner.runTest(SuiteRunner.java:433)
	at org.testng.SuiteRunner.runSequentially(SuiteRunner.java:427)
	at org.testng.SuiteRunner.privateRun(SuiteRunner.java:387)
	at org.testng.SuiteRunner.run(SuiteRunner.java:330)
	at org.testng.SuiteRunnerWorker.runSuite(SuiteRunnerWorker.java:52)
	at org.testng.SuiteRunnerWorker.run(SuiteRunnerWorker.java:95)
	at org.testng.TestNG.runSuitesSequentially(TestNG.java:1256)
	at org.testng.TestNG.runSuitesLocally(TestNG.java:1176)
	at org.testng.TestNG.runSuites(TestNG.java:1099)
	at org.testng.TestNG.run(TestNG.java:1067)
	at org.testng.remote.AbstractRemoteTestNG.run(AbstractRemoteTestNG.java:115)
	at org.testng.remote.RemoteTestNG.initAndRun(RemoteTestNG.java:251)
	at org.testng.remote.RemoteTestNG.main(RemoteTestNG.java:77)
</pre></div></td>
<td>12</td>
<td>com.nexsoft.jcb.test.TestFiturReturnVisitPage@6c284af</td></tr>
<tr>
<td title='com.nexsoft.jcb.test.TestFiturAddNewDataPage.add_New_Data_with_invalid_data1()'><b>add_New_Data_with_invalid_data1</b><br>Test class: com.nexsoft.jcb.test.TestFiturAddNewDataPage<br/>
<a href="#Output-1426040161" onClick='toggleBox("Output-1426040161", this, "Show output", "Hide output");'>Show output</a>

<a href="#Output-1426040161" onClick="toggleAllBoxes();">Show all outputs</a>
<div class='log' id="Output-1426040161">
<img src='file://D:\Bootcamp\jcb\Screenshot\Error_20220714_211334.PNG'height="350" width="792"/><br/>
<img src='file://D:\Bootcamp\jcb\Screenshot\Error_20220714_211334.PNG'height="350" width="792"/><br/>
</div>
</td>
<td><div><pre>java.lang.AssertionError: Seharusnya data tidak berhasil disimpan,karena data inputan tidak valid(tidak ada validasi untuk field input Merchant Name) expected [true] but found [false]
	at com.nexsoft.jcb.test.TestFiturAddNewDataPage.add_New_Data_with_invalid_data1(TestFiturAddNewDataPage.java:285)
	at java.base/java.util.ArrayList.forEach(ArrayList.java:1541)
... Removed 30 stack frames</pre></div><a href='#' onClick='toggleBox("stack-trace1426040161", this, "Click to show all stack frames", "Click to hide stack frames")'>Click to show all stack frames</a>
<div class='stack-trace' id='stack-trace1426040161'><pre>java.lang.AssertionError: Seharusnya data tidak berhasil disimpan,karena data inputan tidak valid(tidak ada validasi untuk field input Merchant Name) expected [true] but found [false]
	at org.testng.Assert.fail(Assert.java:110)
	at org.testng.Assert.failNotEquals(Assert.java:1413)
	at org.testng.Assert.assertTrue(Assert.java:56)
	at com.nexsoft.jcb.test.TestFiturAddNewDataPage.add_New_Data_with_invalid_data1(TestFiturAddNewDataPage.java:285)
	at java.base/jdk.internal.reflect.NativeMethodAccessorImpl.invoke0(Native Method)
	at java.base/jdk.internal.reflect.NativeMethodAccessorImpl.invoke(NativeMethodAccessorImpl.java:62)
	at java.base/jdk.internal.reflect.DelegatingMethodAccessorImpl.invoke(DelegatingMethodAccessorImpl.java:43)
	at java.base/java.lang.reflect.Method.invoke(Method.java:566)
	at org.testng.internal.invokers.MethodInvocationHelper.invokeMethod(MethodInvocationHelper.java:139)
	at org.testng.internal.invokers.TestInvoker.invokeMethod(TestInvoker.java:677)
	at org.testng.internal.invokers.TestInvoker.invokeTestMethod(TestInvoker.java:221)
	at org.testng.internal.invokers.MethodRunner.runInSequence(MethodRunner.java:50)
	at org.testng.internal.invokers.TestInvoker$MethodInvocationAgent.invoke(TestInvoker.java:962)
	at org.testng.internal.invokers.TestInvoker.invokeTestMethods(TestInvoker.java:194)
	at org.testng.internal.invokers.TestMethodWorker.invokeTestMethods(TestMethodWorker.java:148)
	at org.testng.internal.invokers.TestMethodWorker.run(TestMethodWorker.java:128)
	at java.base/java.util.ArrayList.forEach(ArrayList.java:1541)
	at org.testng.TestRunner.privateRun(TestRunner.java:806)
	at org.testng.TestRunner.run(TestRunner.java:601)
	at org.testng.SuiteRunner.runTest(SuiteRunner.java:433)
	at org.testng.SuiteRunner.runSequentially(SuiteRunner.java:427)
	at org.testng.SuiteRunner.privateRun(SuiteRunner.java:387)
	at org.testng.SuiteRunner.run(SuiteRunner.java:330)
	at org.testng.SuiteRunnerWorker.runSuite(SuiteRunnerWorker.java:52)
	at org.testng.SuiteRunnerWorker.run(SuiteRunnerWorker.java:95)
	at org.testng.TestNG.runSuitesSequentially(TestNG.java:1256)
	at org.testng.TestNG.runSuitesLocally(TestNG.java:1176)
	at org.testng.TestNG.runSuites(TestNG.java:1099)
	at org.testng.TestNG.run(TestNG.java:1067)
	at org.testng.remote.AbstractRemoteTestNG.run(AbstractRemoteTestNG.java:115)
	at org.testng.remote.RemoteTestNG.initAndRun(RemoteTestNG.java:251)
	at org.testng.remote.RemoteTestNG.main(RemoteTestNG.java:77)
</pre></div></td>
<td>6</td>
<td>com.nexsoft.jcb.test.TestFiturAddNewDataPage@2767e23c</td></tr>
</table><p>
<table width='100%' border='1' class='invocation-passed'>
<tr><td colspan='4' align='center'><b>PASSED TESTS</b></td></tr>
<tr><td><b>Test method</b></td>
<td><b>Attribute(s)</b></td>
<td width="30%"><b>Exception</b></td>
<td width="10%"><b>Time (seconds)</b></td>
<td><b>Instance</b></td>
</tr>
<tr>
<td title='com.nexsoft.jcb.test.TestFiturNewDataVisitPage.add_TID_invalid_data_file_pdf()'><b>add_TID_invalid_data_file_pdf</b><br>Test class: com.nexsoft.jcb.test.TestFiturNewDataVisitPage<br/>
<a href="#Output-1706459316" onClick='toggleBox("Output-1706459316", this, "Show output", "Hide output");'>Show output</a>

<a href="#Output-1706459316" onClick="toggleAllBoxes();">Show all outputs</a>
<div class='log' id="Output-1706459316">
<img src='file://D:\Bootcamp\jcb\Screenshot\Error_20220714_211754.PNG'height="350" width="792"/><br/>
</div>
</td>
<td></td>
<td>32</td>
<td>com.nexsoft.jcb.test.TestFiturNewDataVisitPage@268f106e</td></tr>
<tr>
<td title='com.nexsoft.jcb.test.TestFiturRejectVisitPage.add_TID_valid_data()'><b>add_TID_valid_data</b><br>Test class: com.nexsoft.jcb.test.TestFiturRejectVisitPage</td>
<td></td>
<td>45</td>
<td>com.nexsoft.jcb.test.TestFiturRejectVisitPage@31ea9581</td></tr>
<tr>
<td title='com.nexsoft.jcb.test.TestFiturReturnVisitPage.collateral_choice()'><b>collateral_choice</b><br>Test class: com.nexsoft.jcb.test.TestFiturReturnVisitPage</td>
<td></td>
<td>8</td>
<td>com.nexsoft.jcb.test.TestFiturReturnVisitPage@6c284af</td></tr>
<tr>
<td title='com.nexsoft.jcb.test.TestFiturRejectOtherCondition.selectVisitStatusWithoutInputOtherStatus()'><b>selectVisitStatusWithoutInputOtherStatus</b><br>Test class: com.nexsoft.jcb.test.TestFiturRejectOtherCondition</td>
<td></td>
<td>4</td>
<td>com.nexsoft.jcb.test.TestFiturRejectOtherCondition@231f98ef</td></tr>
<tr>
<td title='com.nexsoft.jcb.test.TestFiturNewData.cek_fitur_filter_newData()'><b>cek_fitur_filter_newData</b><br>Test class: com.nexsoft.jcb.test.TestFiturNewData</td>
<td></td>
<td>9</td>
<td>com.nexsoft.jcb.test.TestFiturNewData@5b247367</td></tr>
<tr>
<td title='com.nexsoft.jcb.test.TestFiturAddNewDataPage.add_New_Data_with_valid_data2()'><b>add_New_Data_with_valid_data2</b><br>Test class: com.nexsoft.jcb.test.TestFiturAddNewDataPage</td>
<td></td>
<td>6</td>
<td>com.nexsoft.jcb.test.TestFiturAddNewDataPage@2767e23c</td></tr>
<tr>
<td title='com.nexsoft.jcb.test.TestFiturRejectVisitPage.add_TID_invalid_data_size_file()'><b>add_TID_invalid_data_size_file</b><br>Test class: com.nexsoft.jcb.test.TestFiturRejectVisitPage</td>
<td></td>
<td>28</td>
<td>com.nexsoft.jcb.test.TestFiturRejectVisitPage@31ea9581</td></tr>
<tr>
<td title='com.nexsoft.jcb.test.TestFiturReturnVisitPage.add_TID_invalid_data_file_pdf()'><b>add_TID_invalid_data_file_pdf</b><br>Test class: com.nexsoft.jcb.test.TestFiturReturnVisitPage<br/>
<a href="#Output-896135409" onClick='toggleBox("Output-896135409", this, "Show output", "Hide output");'>Show output</a>

<a href="#Output-896135409" onClick="toggleAllBoxes();">Show all outputs</a>
<div class='log' id="Output-896135409">
<img src='file://D:\Bootcamp\jcb\Screenshot\Error_20220714_212724.PNG'height="350" width="792"/><br/>
</div>
</td>
<td></td>
<td>31</td>
<td>com.nexsoft.jcb.test.TestFiturReturnVisitPage@6c284af</td></tr>
<tr>
<td title='com.nexsoft.jcb.test.TestFiturNewDataOtherCondition.selectVisitStatusWithoutInputOtherStatus()'><b>selectVisitStatusWithoutInputOtherStatus</b><br>Test class: com.nexsoft.jcb.test.TestFiturNewDataOtherCondition</td>
<td></td>
<td>4</td>
<td>com.nexsoft.jcb.test.TestFiturNewDataOtherCondition@6e9a5ed8</td></tr>
<tr>
<td title='com.nexsoft.jcb.test.TestFiturRejectVisitPage.upload_photo_visit_merchant()'><b>upload_photo_visit_merchant</b><br>Test class: com.nexsoft.jcb.test.TestFiturRejectVisitPage</td>
<td></td>
<td>103</td>
<td>com.nexsoft.jcb.test.TestFiturRejectVisitPage@31ea9581</td></tr>
<tr>
<td title='com.nexsoft.jcb.test.TestFiturNewDataVisitPage.collateral_choice()'><b>collateral_choice</b><br>Test class: com.nexsoft.jcb.test.TestFiturNewDataVisitPage</td>
<td></td>
<td>10</td>
<td>com.nexsoft.jcb.test.TestFiturNewDataVisitPage@268f106e</td></tr>
<tr>
<td title='com.nexsoft.jcb.test.TestFiturNewDataOtherCondition.selectVisitStatusWithInputOtherStatus()'><b>selectVisitStatusWithInputOtherStatus</b><br>Test class: com.nexsoft.jcb.test.TestFiturNewDataOtherCondition</td>
<td></td>
<td>11</td>
<td>com.nexsoft.jcb.test.TestFiturNewDataOtherCondition@6e9a5ed8</td></tr>
<tr>
<td title='com.nexsoft.jcb.test.TestFiturNewData.cek_fitur_search_newData()'><b>cek_fitur_search_newData</b><br>Test class: com.nexsoft.jcb.test.TestFiturNewData</td>
<td></td>
<td>8</td>
<td>com.nexsoft.jcb.test.TestFiturNewData@5b247367</td></tr>
<tr>
<td title='com.nexsoft.jcb.test.TestFiturReturnVisitPage.edit_data_blank_data_merchant()'><b>edit_data_blank_data_merchant</b><br>Test class: com.nexsoft.jcb.test.TestFiturReturnVisitPage<br/>
<a href="#Output-1095587424" onClick='toggleBox("Output-1095587424", this, "Show output", "Hide output");'>Show output</a>

<a href="#Output-1095587424" onClick="toggleAllBoxes();">Show all outputs</a>
<div class='log' id="Output-1095587424">
<img src='file://D:\Bootcamp\jcb\Screenshot\Error_20220714_212430.PNG'height="350" width="792"/><br/>
</div>
</td>
<td></td>
<td>14</td>
<td>com.nexsoft.jcb.test.TestFiturReturnVisitPage@6c284af</td></tr>
<tr>
<td title='com.nexsoft.jcb.test.TestFiturReturnVisitPage.upload_photo_visit_merchant_invalid_data()'><b>upload_photo_visit_merchant_invalid_data</b><br>Test class: com.nexsoft.jcb.test.TestFiturReturnVisitPage<br/>
<a href="#Output-194373178" onClick='toggleBox("Output-194373178", this, "Show output", "Hide output");'>Show output</a>

<a href="#Output-194373178" onClick="toggleAllBoxes();">Show all outputs</a>
<div class='log' id="Output-194373178">
<img src='file://D:\Bootcamp\jcb\Screenshot\Error_20220714_213224.PNG'height="350" width="792"/><br/>
<img src='file://D:\Bootcamp\jcb\Screenshot\Error_20220714_213224.PNG'height="350" width="792"/><br/>
</div>
</td>
<td></td>
<td>135</td>
<td>com.nexsoft.jcb.test.TestFiturReturnVisitPage@6c284af</td></tr>
<tr>
<td title='com.nexsoft.jcb.test.TestFiturNewDataVisitPage.add_TID_valid_data()'><b>add_TID_valid_data</b><br>Test class: com.nexsoft.jcb.test.TestFiturNewDataVisitPage</td>
<td></td>
<td>52</td>
<td>com.nexsoft.jcb.test.TestFiturNewDataVisitPage@268f106e</td></tr>
<tr>
<td title='com.nexsoft.jcb.test.TestFiturReturnVisitPage.add_TID_valid_data()'><b>add_TID_valid_data</b><br>Test class: com.nexsoft.jcb.test.TestFiturReturnVisitPage</td>
<td></td>
<td>52</td>
<td>com.nexsoft.jcb.test.TestFiturReturnVisitPage@6c284af</td></tr>
<tr>
<td title='com.nexsoft.jcb.test.TestFiturReject.cek_fitur_search_reject()'><b>cek_fitur_search_reject</b><br>Test class: com.nexsoft.jcb.test.TestFiturReject</td>
<td></td>
<td>6</td>
<td>com.nexsoft.jcb.test.TestFiturReject@6440112d</td></tr>
<tr>
<td title='com.nexsoft.jcb.test.TestFiturRejectVisitPage.add_TID_invalid_data_file_xlsx()'><b>add_TID_invalid_data_file_xlsx</b><br>Test class: com.nexsoft.jcb.test.TestFiturRejectVisitPage</td>
<td></td>
<td>22</td>
<td>com.nexsoft.jcb.test.TestFiturRejectVisitPage@31ea9581</td></tr>
<tr>
<td title='com.nexsoft.jcb.test.TestFiturRejectVisitPage.V_M_Amex__CUP_choice()'><b>V_M_Amex__CUP_choice</b><br>Test class: com.nexsoft.jcb.test.TestFiturRejectVisitPage</td>
<td></td>
<td>9</td>
<td>com.nexsoft.jcb.test.TestFiturRejectVisitPage@31ea9581</td></tr>
<tr>
<td title='com.nexsoft.jcb.test.TestFiturNewDataVisitPage.upload_photo_visit_merchant_invalid_data()'><b>upload_photo_visit_merchant_invalid_data</b><br>Test class: com.nexsoft.jcb.test.TestFiturNewDataVisitPage<br/>
<a href="#Output-2086649316" onClick='toggleBox("Output-2086649316", this, "Show output", "Hide output");'>Show output</a>

<a href="#Output-2086649316" onClick="toggleAllBoxes();">Show all outputs</a>
<div class='log' id="Output-2086649316">
<img src='file://D:\Bootcamp\jcb\Screenshot\Error_20220714_212243.PNG'height="350" width="792"/><br/>
<img src='file://D:\Bootcamp\jcb\Screenshot\Error_20220714_212243.PNG'height="350" width="792"/><br/>
</div>
</td>
<td></td>
<td>133</td>
<td>com.nexsoft.jcb.test.TestFiturNewDataVisitPage@268f106e</td></tr>
<tr>
<td title='com.nexsoft.jcb.test.TestFiturReject.cek_fitur_filter_reject()'><b>cek_fitur_filter_reject</b><br>Test class: com.nexsoft.jcb.test.TestFiturReject</td>
<td></td>
<td>9</td>
<td>com.nexsoft.jcb.test.TestFiturReject@6440112d</td></tr>
<tr>
<td title='com.nexsoft.jcb.test.TestFiturAddNewDataPage.add_New_Data_with_valid_data3()'><b>add_New_Data_with_valid_data3</b><br>Test class: com.nexsoft.jcb.test.TestFiturAddNewDataPage</td>
<td></td>
<td>7</td>
<td>com.nexsoft.jcb.test.TestFiturAddNewDataPage@2767e23c</td></tr>
<tr>
<td title='com.nexsoft.jcb.test.TestFiturReturnVisitPage.V_M_Amex__CUP_choice()'><b>V_M_Amex__CUP_choice</b><br>Test class: com.nexsoft.jcb.test.TestFiturReturnVisitPage</td>
<td></td>
<td>8</td>
<td>com.nexsoft.jcb.test.TestFiturReturnVisitPage@6c284af</td></tr>
<tr>
<td title='com.nexsoft.jcb.test.TestFiturReturn.cek_fitur_filter_return()'><b>cek_fitur_filter_return</b><br>Test class: com.nexsoft.jcb.test.TestFiturReturn</td>
<td></td>
<td>10</td>
<td>com.nexsoft.jcb.test.TestFiturReturn@7e057f43</td></tr>
<tr>
<td title='com.nexsoft.jcb.test.TestFiturAddNewDataPage.add_New_Data_with_valid_data1()'><b>add_New_Data_with_valid_data1</b><br>Test class: com.nexsoft.jcb.test.TestFiturAddNewDataPage</td>
<td></td>
<td>6</td>
<td>com.nexsoft.jcb.test.TestFiturAddNewDataPage@2767e23c</td></tr>
<tr>
<td title='com.nexsoft.jcb.test.TestFiturReturnOtherCondition.selectVisitStatusWithInputOtherStatus()'><b>selectVisitStatusWithInputOtherStatus</b><br>Test class: com.nexsoft.jcb.test.TestFiturReturnOtherCondition</td>
<td></td>
<td>10</td>
<td>com.nexsoft.jcb.test.TestFiturReturnOtherCondition@5890e879</td></tr>
<tr>
<td title='com.nexsoft.jcb.test.TestFiturRejectVisitPage.gimmick_choice()'><b>gimmick_choice</b><br>Test class: com.nexsoft.jcb.test.TestFiturRejectVisitPage</td>
<td></td>
<td>9</td>
<td>com.nexsoft.jcb.test.TestFiturRejectVisitPage@31ea9581</td></tr>
<tr>
<td title='com.nexsoft.jcb.test.TestFiturReturnVisitPage.edit_data_valid_data_merchant()'><b>edit_data_valid_data_merchant</b><br>Test class: com.nexsoft.jcb.test.TestFiturReturnVisitPage</td>
<td></td>
<td>13</td>
<td>com.nexsoft.jcb.test.TestFiturReturnVisitPage@6c284af</td></tr>
<tr>
<td title='com.nexsoft.jcb.test.TestFiturRejectVisitPage.upload_photo_visit_merchant_invalid_data()'><b>upload_photo_visit_merchant_invalid_data</b><br>Test class: com.nexsoft.jcb.test.TestFiturRejectVisitPage</td>
<td></td>
<td>129</td>
<td>com.nexsoft.jcb.test.TestFiturRejectVisitPage@31ea9581</td></tr>
<tr>
<td title='com.nexsoft.jcb.test.TestFiturRejectVisitPage.edit_data_valid_data_merchant()'><b>edit_data_valid_data_merchant</b><br>Test class: com.nexsoft.jcb.test.TestFiturRejectVisitPage</td>
<td></td>
<td>13</td>
<td>com.nexsoft.jcb.test.TestFiturRejectVisitPage@31ea9581</td></tr>
<tr>
<td title='com.nexsoft.jcb.test.TestFiturReturnVisitPage.add_TID_invalid_data_file_xlsx()'><b>add_TID_invalid_data_file_xlsx</b><br>Test class: com.nexsoft.jcb.test.TestFiturReturnVisitPage<br/>
<a href="#Output-1991274064" onClick='toggleBox("Output-1991274064", this, "Show output", "Hide output");'>Show output</a>

<a href="#Output-1991274064" onClick="toggleAllBoxes();">Show all outputs</a>
<div class='log' id="Output-1991274064">
<img src='file://D:\Bootcamp\jcb\Screenshot\Error_20220714_212647.PNG'height="350" width="792"/><br/>
</div>
</td>
<td></td>
<td>21</td>
<td>com.nexsoft.jcb.test.TestFiturReturnVisitPage@6c284af</td></tr>
<tr>
<td title='com.nexsoft.jcb.test.TestFiturReturnVisitPage.upload_photo_visit_merchant()'><b>upload_photo_visit_merchant</b><br>Test class: com.nexsoft.jcb.test.TestFiturReturnVisitPage</td>
<td></td>
<td>108</td>
<td>com.nexsoft.jcb.test.TestFiturReturnVisitPage@6c284af</td></tr>
<tr>
<td title='com.nexsoft.jcb.test.TestFiturAddNewDataPage.add_New_Data_with_valid_data4()'><b>add_New_Data_with_valid_data4</b><br>Test class: com.nexsoft.jcb.test.TestFiturAddNewDataPage</td>
<td></td>
<td>6</td>
<td>com.nexsoft.jcb.test.TestFiturAddNewDataPage@2767e23c</td></tr>
<tr>
<td title='com.nexsoft.jcb.test.TestFiturNewDataVisitPage.add_TID_invalid_data_size_file()'><b>add_TID_invalid_data_size_file</b><br>Test class: com.nexsoft.jcb.test.TestFiturNewDataVisitPage<br/>
<a href="#Output-594579220" onClick='toggleBox("Output-594579220", this, "Show output", "Hide output");'>Show output</a>

<a href="#Output-594579220" onClick="toggleAllBoxes();">Show all outputs</a>
<div class='log' id="Output-594579220">
<img src='file://D:\Bootcamp\jcb\Screenshot\Error_20220714_211649.PNG'height="350" width="792"/><br/>
</div>
</td>
<td></td>
<td>29</td>
<td>com.nexsoft.jcb.test.TestFiturNewDataVisitPage@268f106e</td></tr>
<tr>
<td title='com.nexsoft.jcb.test.TestFiturNewDataVisitPage.upload_photo_visit_merchant()'><b>upload_photo_visit_merchant</b><br>Test class: com.nexsoft.jcb.test.TestFiturNewDataVisitPage</td>
<td></td>
<td>109</td>
<td>com.nexsoft.jcb.test.TestFiturNewDataVisitPage@268f106e</td></tr>
<tr>
<td title='com.nexsoft.jcb.test.TestFiturNewDataVisitPage.edit_data_valid_data_merchant()'><b>edit_data_valid_data_merchant</b><br>Test class: com.nexsoft.jcb.test.TestFiturNewDataVisitPage</td>
<td></td>
<td>15</td>
<td>com.nexsoft.jcb.test.TestFiturNewDataVisitPage@268f106e</td></tr>
<tr>
<td title='com.nexsoft.jcb.test.TestFiturReturnVisitPage.add_TID_invalid_data_size_file()'><b>add_TID_invalid_data_size_file</b><br>Test class: com.nexsoft.jcb.test.TestFiturReturnVisitPage<br/>
<a href="#Output-567826739" onClick='toggleBox("Output-567826739", this, "Show output", "Hide output");'>Show output</a>

<a href="#Output-567826739" onClick="toggleAllBoxes();">Show all outputs</a>
<div class='log' id="Output-567826739">
<img src='file://D:\Bootcamp\jcb\Screenshot\Error_20220714_212620.PNG'height="350" width="792"/><br/>
</div>
</td>
<td></td>
<td>30</td>
<td>com.nexsoft.jcb.test.TestFiturReturnVisitPage@6c284af</td></tr>
<tr>
<td title='com.nexsoft.jcb.test.TestFiturRejectVisitPage.collateral_choice()'><b>collateral_choice</b><br>Test class: com.nexsoft.jcb.test.TestFiturRejectVisitPage</td>
<td></td>
<td>10</td>
<td>com.nexsoft.jcb.test.TestFiturRejectVisitPage@31ea9581</td></tr>
<tr>
<td title='com.nexsoft.jcb.test.TestFiturNewDataVisitPage.add_TID_invalid_data_file_xlsx()'><b>add_TID_invalid_data_file_xlsx</b><br>Test class: com.nexsoft.jcb.test.TestFiturNewDataVisitPage<br/>
<a href="#Output-234287515" onClick='toggleBox("Output-234287515", this, "Show output", "Hide output");'>Show output</a>

<a href="#Output-234287515" onClick="toggleAllBoxes();">Show all outputs</a>
<div class='log' id="Output-234287515">
<img src='file://D:\Bootcamp\jcb\Screenshot\Error_20220714_211716.PNG'height="350" width="792"/><br/>
</div>
</td>
<td></td>
<td>21</td>
<td>com.nexsoft.jcb.test.TestFiturNewDataVisitPage@268f106e</td></tr>
<tr>
<td title='com.nexsoft.jcb.test.TestFiturRejectVisitPage.edit_data_blank_data_merchant()'><b>edit_data_blank_data_merchant</b><br>Test class: com.nexsoft.jcb.test.TestFiturRejectVisitPage</td>
<td></td>
<td>15</td>
<td>com.nexsoft.jcb.test.TestFiturRejectVisitPage@31ea9581</td></tr>
<tr>
<td title='com.nexsoft.jcb.test.TestFiturRejectVisitPage.add_TID_invalid_data_file_pdf()'><b>add_TID_invalid_data_file_pdf</b><br>Test class: com.nexsoft.jcb.test.TestFiturRejectVisitPage</td>
<td></td>
<td>32</td>
<td>com.nexsoft.jcb.test.TestFiturRejectVisitPage@31ea9581</td></tr>
<tr>
<td title='com.nexsoft.jcb.test.TestFiturReturn.cek_fitur_search_return()'><b>cek_fitur_search_return</b><br>Test class: com.nexsoft.jcb.test.TestFiturReturn</td>
<td></td>
<td>7</td>
<td>com.nexsoft.jcb.test.TestFiturReturn@7e057f43</td></tr>
<tr>
<td title='com.nexsoft.jcb.test.TestFiturRejectOtherCondition.selectVisitStatusWithInputOtherStatus()'><b>selectVisitStatusWithInputOtherStatus</b><br>Test class: com.nexsoft.jcb.test.TestFiturRejectOtherCondition</td>
<td></td>
<td>10</td>
<td>com.nexsoft.jcb.test.TestFiturRejectOtherCondition@231f98ef</td></tr>
<tr>
<td title='com.nexsoft.jcb.test.TestFiturNewDataVisitPage.edit_data_blank_data_merchant()'><b>edit_data_blank_data_merchant</b><br>Test class: com.nexsoft.jcb.test.TestFiturNewDataVisitPage<br/>
<a href="#Output-1091993069" onClick='toggleBox("Output-1091993069", this, "Show output", "Hide output");'>Show output</a>

<a href="#Output-1091993069" onClick="toggleAllBoxes();">Show all outputs</a>
<div class='log' id="Output-1091993069">
<img src='file://D:\Bootcamp\jcb\Screenshot\Error_20220714_211505.PNG'height="350" width="792"/><br/>
</div>
</td>
<td></td>
<td>17</td>
<td>com.nexsoft.jcb.test.TestFiturNewDataVisitPage@268f106e</td></tr>
<tr>
<td title='com.nexsoft.jcb.test.TestFiturReturnOtherCondition.selectVisitStatusWithoutInputOtherStatus()'><b>selectVisitStatusWithoutInputOtherStatus</b><br>Test class: com.nexsoft.jcb.test.TestFiturReturnOtherCondition</td>
<td></td>
<td>4</td>
<td>com.nexsoft.jcb.test.TestFiturReturnOtherCondition@5890e879</td></tr>
<tr>
<td title='com.nexsoft.jcb.test.TestFiturReturnVisitPage.gimmick_choice()'><b>gimmick_choice</b><br>Test class: com.nexsoft.jcb.test.TestFiturReturnVisitPage</td>
<td></td>
<td>7</td>
<td>com.nexsoft.jcb.test.TestFiturReturnVisitPage@6c284af</td></tr>
<tr>
<td title='com.nexsoft.jcb.test.TestFiturNewDataVisitPage.gimmick_choice()'><b>gimmick_choice</b><br>Test class: com.nexsoft.jcb.test.TestFiturNewDataVisitPage</td>
<td></td>
<td>9</td>
<td>com.nexsoft.jcb.test.TestFiturNewDataVisitPage@268f106e</td></tr>
</table><p>
</body>
</html>