<?xml version="1.0" encoding="UTF-8"?>
<!-- Generated by org.testng.reporters.JUnitXMLReporter -->
<testsuite ignored="1" hostname="DESKTOP-HSNMEPH" failures="5" tests="53" name="Worklist Test" time="1799.298" errors="0" timestamp="2022-07-14T21:42:32 ICT">
  <testcase classname="com.nexsoft.jcb.test.TestFiturAddNewDataPage" name="add_New_Data_with_valid_data1" time="6.6"/>
  <testcase classname="com.nexsoft.jcb.test.TestFiturAddNewDataPage" name="add_New_Data_with_valid_data2" time="6.17"/>
  <testcase classname="com.nexsoft.jcb.test.TestFiturAddNewDataPage" name="add_New_Data_with_valid_data3" time="7.295"/>
  <testcase classname="com.nexsoft.jcb.test.TestFiturAddNewDataPage" name="add_New_Data_with_valid_data4" time="6.565"/>
  <testcase classname="com.nexsoft.jcb.test.TestFiturAddNewDataPage" name="add_New_Data_with_invalid_data1" time="6.798">
    <failure type="java.lang.AssertionError" message="Seharusnya data tidak berhasil disimpan,karena data inputan tidak valid(tidak ada validasi untuk field input Merchant Name) expected [true] but found [false]">
      <![CDATA[java.lang.AssertionError: Seharusnya data tidak berhasil disimpan,karena data inputan tidak valid(tidak ada validasi untuk field input Merchant Name) expected [true] but found [false]
at com.nexsoft.jcb.test.TestFiturAddNewDataPage.add_New_Data_with_invalid_data1(TestFiturAddNewDataPage.java:285)
at java.base/java.util.ArrayList.forEach(ArrayList.java:1541)
... Removed 30 stack frames]]>
    </failure>
  </testcase> <!-- add_New_Data_with_invalid_data1 -->
  <testcase classname="com.nexsoft.jcb.test.TestFiturAddNewDataPage" name="add_New_Data_with_invalid_data2" time="5.883">
    <failure type="java.lang.AssertionError" message="Seharusnya data tidak berhasil disimpan,karena data inputan tidak valid(tidak ada validasi untuk field input PIC dan No Telp PIC) expected [true] but found [false]">
      <![CDATA[java.lang.AssertionError: Seharusnya data tidak berhasil disimpan,karena data inputan tidak valid(tidak ada validasi untuk field input PIC dan No Telp PIC) expected [true] but found [false]
at com.nexsoft.jcb.test.TestFiturAddNewDataPage.add_New_Data_with_invalid_data2(TestFiturAddNewDataPage.java:331)
at java.base/java.util.ArrayList.forEach(ArrayList.java:1541)
... Removed 30 stack frames]]>
    </failure>
  </testcase> <!-- add_New_Data_with_invalid_data2 -->
  <testcase classname="com.nexsoft.jcb.test.TestFiturNewData" name="cek_fitur_filter_newData" time="9.039"/>
  <testcase classname="com.nexsoft.jcb.test.TestFiturNewData" name="cek_fitur_search_newData" time="8.038"/>
  <testcase classname="com.nexsoft.jcb.test.TestFiturNewDataVisitPage" name="edit_data_valid_data_merchant" time="15.297"/>
  <testcase classname="com.nexsoft.jcb.test.TestFiturNewDataVisitPage" name="edit_data_blank_data_merchant" time="17.266"/>
  <testcase classname="com.nexsoft.jcb.test.TestFiturNewDataVisitPage" name="edit_data_invalid_data_merchant" time="5.122">
    <failure type="org.openqa.selenium.NoSuchElementException" message="no such element: Unable to locate element: {&amp;quot;method&amp;quot;:&amp;quot;xpath&amp;quot;,&amp;quot;selector&amp;quot;:&amp;quot;//table[@id=&amp;apos;data-worklist&amp;apos;]/tbody/tr/td[2]/a/i&amp;quot;}
  (Session info: chrome=103.0.5060.114)
For documentation on this error, please visit: https://selenium.dev/exceptions/#no_such_element
Build info: version: &amp;apos;4.0.0&amp;apos;, revision: &amp;apos;3a21814679&amp;apos;
System info: host: &amp;apos;DESKTOP-HSNMEPH&amp;apos;, ip: &amp;apos;192.168.1.190&amp;apos;, os.name: &amp;apos;Windows 11&amp;apos;, os.arch: &amp;apos;amd64&amp;apos;, os.version: &amp;apos;10.0&amp;apos;, java.version: &amp;apos;11.0.15&amp;apos;
Driver info: org.openqa.selenium.chrome.ChromeDriver
Command: [e7170ba7dbd48bb912ed35ee0e68c681, findElement {using=xpath, value=//table[@id=&amp;apos;data-worklist&amp;apos;]/tbody/tr/td[2]/a/i}]
Capabilities {acceptInsecureCerts: false, browserName: chrome, browserVersion: 103.0.5060.114, chrome: {chromedriverVersion: 102.0.5005.61 (0e59bcc00cc4..., userDataDir: C:\Users\NEXSOFT\AppData\Lo...}, goog:chromeOptions: {debuggerAddress: localhost:59890}, javascriptEnabled: true, networkConnectionEnabled: false, pageLoadStrategy: normal, platform: WINDOWS, platformName: WINDOWS, proxy: Proxy(), se:cdp: ws://localhost:59890/devtoo..., se:cdpVersion: 103.0.5060.114, setWindowRect: true, strictFileInteractability: false, timeouts: {implicit: 0, pageLoad: 300000, script: 30000}, unhandledPromptBehavior: dismiss and notify, webauthn:extension:credBlob: true, webauthn:extension:largeBlob: true, webauthn:virtualAuthenticators: true}
Session ID: e7170ba7dbd48bb912ed35ee0e68c681">
      <![CDATA[org.openqa.selenium.NoSuchElementException: no such element: Unable to locate element: {"method":"xpath","selector":"//table[@id='data-worklist']/tbody/tr/td[2]/a/i"}
  (Session info: chrome=103.0.5060.114)
For documentation on this error, please visit: https://selenium.dev/exceptions/#no_such_element
Build info: version: '4.0.0', revision: '3a21814679'
System info: host: 'DESKTOP-HSNMEPH', ip: '192.168.1.190', os.name: 'Windows 11', os.arch: 'amd64', os.version: '10.0', java.version: '11.0.15'
Driver info: org.openqa.selenium.chrome.ChromeDriver
Command: [e7170ba7dbd48bb912ed35ee0e68c681, findElement {using=xpath, value=//table[@id='data-worklist']/tbody/tr/td[2]/a/i}]
Capabilities {acceptInsecureCerts: false, browserName: chrome, browserVersion: 103.0.5060.114, chrome: {chromedriverVersion: 102.0.5005.61 (0e59bcc00cc4..., userDataDir: C:\Users\NEXSOFT\AppData\Lo...}, goog:chromeOptions: {debuggerAddress: localhost:59890}, javascriptEnabled: true, networkConnectionEnabled: false, pageLoadStrategy: normal, platform: WINDOWS, platformName: WINDOWS, proxy: Proxy(), se:cdp: ws://localhost:59890/devtoo..., se:cdpVersion: 103.0.5060.114, setWindowRect: true, strictFileInteractability: false, timeouts: {implicit: 0, pageLoad: 300000, script: 30000}, unhandledPromptBehavior: dismiss and notify, webauthn:extension:credBlob: true, webauthn:extension:largeBlob: true, webauthn:virtualAuthenticators: true}
Session ID: e7170ba7dbd48bb912ed35ee0e68c681
at org.openqa.selenium.remote.codec.w3c.W3CHttpResponseCodec.createException(W3CHttpResponseCodec.java:200)
at org.openqa.selenium.remote.codec.w3c.W3CHttpResponseCodec.decode(W3CHttpResponseCodec.java:133)
at org.openqa.selenium.remote.codec.w3c.W3CHttpResponseCodec.decode(W3CHttpResponseCodec.java:53)
at org.openqa.selenium.remote.HttpCommandExecutor.execute(HttpCommandExecutor.java:184)
at org.openqa.selenium.remote.service.DriverCommandExecutor.invokeExecute(DriverCommandExecutor.java:164)
at org.openqa.selenium.remote.service.DriverCommandExecutor.execute(DriverCommandExecutor.java:139)
at org.openqa.selenium.remote.RemoteWebDriver.execute(RemoteWebDriver.java:559)
at org.openqa.selenium.remote.ElementLocation$ElementFinder$2.findElement(ElementLocation.java:162)
at org.openqa.selenium.remote.ElementLocation.findElement(ElementLocation.java:60)
at org.openqa.selenium.remote.RemoteWebDriver.findElement(RemoteWebDriver.java:383)
at org.openqa.selenium.remote.RemoteWebDriver.findElement(RemoteWebDriver.java:375)
at org.openqa.selenium.support.pagefactory.DefaultElementLocator.findElement(DefaultElementLocator.java:70)
at org.openqa.selenium.support.pagefactory.internal.LocatingElementHandler.invoke(LocatingElementHandler.java:39)
at com.sun.proxy.$Proxy18.click(Unknown Source)
at com.nexsoft.jcb.pom.JCBNewDataPage.clickBtnVisitAndGoToVisitPage(JCBNewDataPage.java:76)
at com.nexsoft.jcb.test.TestFiturNewDataVisitPage.edit_data_invalid_data_merchant(TestFiturNewDataVisitPage.java:162)
at java.base/java.util.ArrayList.forEach(ArrayList.java:1541)
... Removed 31 stack frames]]>
    </failure>
  </testcase> <!-- edit_data_invalid_data_merchant -->
  <testcase classname="com.nexsoft.jcb.test.TestFiturNewDataVisitPage" name="add_TID_valid_data" time="52.739"/>
  <testcase classname="com.nexsoft.jcb.test.TestFiturNewDataVisitPage" name="add_TID_invalid_data_size_file" time="29.51"/>
  <testcase classname="com.nexsoft.jcb.test.TestFiturNewDataVisitPage" name="add_TID_invalid_data_file_xlsx" time="21.522"/>
  <testcase classname="com.nexsoft.jcb.test.TestFiturNewDataVisitPage" name="add_TID_invalid_data_file_pdf" time="32.366"/>
  <testcase classname="com.nexsoft.jcb.test.TestFiturNewDataVisitPage" name="collateral_choice" time="10.981"/>
  <testcase classname="com.nexsoft.jcb.test.TestFiturNewDataVisitPage" name="gimmick_choice" time="9.683"/>
  <testcase classname="com.nexsoft.jcb.test.TestFiturNewDataVisitPage" name="upload_photo_visit_merchant" time="109.901"/>
  <testcase classname="com.nexsoft.jcb.test.TestFiturNewDataVisitPage" name="upload_photo_visit_merchant_invalid_data" time="133.859"/>
  <testcase classname="com.nexsoft.jcb.test.TestFiturNewDataOtherCondition" name="selectVisitStatusWithoutInputOtherStatus" time="4.779"/>
  <testcase classname="com.nexsoft.jcb.test.TestFiturNewDataOtherCondition" name="selectVisitStatusWithInputOtherStatus" time="11.077"/>
  <testcase classname="com.nexsoft.jcb.test.TestFiturReturn" name="cek_fitur_filter_return" time="10.427"/>
  <testcase classname="com.nexsoft.jcb.test.TestFiturReturn" name="cek_fitur_search_return" time="7.032"/>
  <testcase classname="com.nexsoft.jcb.test.TestFiturReturnVisitPage" name="edit_data_valid_data_merchant" time="13.368"/>
  <testcase classname="com.nexsoft.jcb.test.TestFiturReturnVisitPage" name="edit_data_blank_data_merchant" time="14.709"/>
  <testcase classname="com.nexsoft.jcb.test.TestFiturReturnVisitPage" name="edit_data_invalid_data_merchant" time="12.153">
    <failure type="java.lang.AssertionError" message="expected [true] but found [false]">
      <![CDATA[java.lang.AssertionError: expected [true] but found [false]
at com.nexsoft.jcb.test.TestFiturReturnVisitPage.edit_data_invalid_data_merchant(TestFiturReturnVisitPage.java:179)
at java.base/java.util.ArrayList.forEach(ArrayList.java:1541)
... Removed 31 stack frames]]>
    </failure>
  </testcase> <!-- edit_data_invalid_data_merchant -->
  <testcase classname="com.nexsoft.jcb.test.TestFiturReturnVisitPage" name="add_TID_valid_data" time="52.798"/>
  <testcase classname="com.nexsoft.jcb.test.TestFiturReturnVisitPage" name="add_TID_invalid_data_size_file" time="30.005"/>
  <testcase classname="com.nexsoft.jcb.test.TestFiturReturnVisitPage" name="add_TID_invalid_data_file_xlsx" time="21.457"/>
  <testcase classname="com.nexsoft.jcb.test.TestFiturReturnVisitPage" name="add_TID_invalid_data_file_pdf" time="31.128"/>
  <testcase classname="com.nexsoft.jcb.test.TestFiturReturnVisitPage" name="collateral_choice" time="8.691"/>
  <testcase classname="com.nexsoft.jcb.test.TestFiturReturnVisitPage" name="V_M_Amex__CUP_choice" time="8.626"/>
  <testcase classname="com.nexsoft.jcb.test.TestFiturReturnVisitPage" name="gimmick_choice" time="7.949"/>
  <testcase classname="com.nexsoft.jcb.test.TestFiturReturnVisitPage" name="upload_photo_visit_merchant" time="108.906"/>
  <testcase classname="com.nexsoft.jcb.test.TestFiturReturnVisitPage" name="upload_photo_visit_merchant_invalid_data" time="135.537"/>
  <testcase classname="com.nexsoft.jcb.test.TestFiturReturnOtherCondition" name="selectVisitStatusWithoutInputOtherStatus" time="4.463"/>
  <testcase classname="com.nexsoft.jcb.test.TestFiturReturnOtherCondition" name="selectVisitStatusWithInputOtherStatus" time="10.398"/>
  <testcase classname="com.nexsoft.jcb.test.TestFiturReject" name="cek_fitur_filter_reject" time="9.768"/>
  <testcase classname="com.nexsoft.jcb.test.TestFiturReject" name="cek_fitur_search_reject" time="6.767"/>
  <testcase classname="com.nexsoft.jcb.test.TestFiturRejectVisitPage" name="edit_data_valid_data_merchant" time="13.606"/>
  <testcase classname="com.nexsoft.jcb.test.TestFiturRejectVisitPage" name="edit_data_blank_data_merchant" time="15.263"/>
  <testcase classname="com.nexsoft.jcb.test.TestFiturRejectVisitPage" name="edit_data_invalid_data_merchant" time="12.473">
    <failure type="java.lang.AssertionError" message="expected [true] but found [false]">
      <![CDATA[java.lang.AssertionError: expected [true] but found [false]
at com.nexsoft.jcb.test.TestFiturRejectVisitPage.edit_data_invalid_data_merchant(TestFiturRejectVisitPage.java:178)
at java.base/java.util.ArrayList.forEach(ArrayList.java:1541)
... Removed 31 stack frames]]>
    </failure>
  </testcase> <!-- edit_data_invalid_data_merchant -->
  <testcase classname="com.nexsoft.jcb.test.TestFiturRejectVisitPage" name="add_TID_valid_data" time="45.148"/>
  <testcase classname="com.nexsoft.jcb.test.TestFiturRejectVisitPage" name="add_TID_invalid_data_size_file" time="28.297"/>
  <testcase classname="com.nexsoft.jcb.test.TestFiturRejectVisitPage" name="add_TID_invalid_data_file_xlsx" time="22.955"/>
  <testcase classname="com.nexsoft.jcb.test.TestFiturRejectVisitPage" name="add_TID_invalid_data_file_pdf" time="32.17"/>
  <testcase classname="com.nexsoft.jcb.test.TestFiturRejectVisitPage" name="collateral_choice" time="10.07"/>
  <testcase classname="com.nexsoft.jcb.test.TestFiturRejectVisitPage" name="V_M_Amex__CUP_choice" time="9.387"/>
  <testcase classname="com.nexsoft.jcb.test.TestFiturRejectVisitPage" name="gimmick_choice" time="9.535"/>
  <testcase classname="com.nexsoft.jcb.test.TestFiturRejectVisitPage" name="upload_photo_visit_merchant" time="103.2"/>
  <testcase classname="com.nexsoft.jcb.test.TestFiturRejectVisitPage" name="upload_photo_visit_merchant_invalid_data" time="129.957"/>
  <testcase classname="com.nexsoft.jcb.test.TestFiturRejectOtherCondition" name="selectVisitStatusWithoutInputOtherStatus" time="4.874"/>
  <testcase classname="com.nexsoft.jcb.test.TestFiturRejectOtherCondition" name="selectVisitStatusWithInputOtherStatus" time="10.558"/>
  <testcase classname="com.nexsoft.jcb.test.TestFiturNewDataVisitPage" name="V_M_Amex__CUP_choice" time="0.0">
    <ignored/>
  </testcase> <!-- V_M_Amex__CUP_choice -->
</testsuite> <!-- Worklist Test -->
