<?xml version="1.0" encoding="UTF-8"?>
<!-- Generated by org.testng.reporters.JUnitXMLReporter -->
<testsuite ignored="0" hostname="DESKTOP-HSNMEPH" failures="3" tests="8" name="Report Test" time="108.428" errors="0" timestamp="2022-07-14T23:53:20 ICT">
  <testcase classname="com.nexsoft.jcb.test.TestModulReport" name="click_menu_report_dari_halaman_utama" time="3.998"/>
  <testcase classname="com.nexsoft.jcb.test.TestModulReport" name="input_valid_data_report_master_click_process" time="15.109"/>
  <testcase classname="com.nexsoft.jcb.test.TestModulReport" name="input_valid_data_report_master_click_process_new_temp" time="12.144"/>
  <testcase classname="com.nexsoft.jcb.test.TestModulReport" name="input_valid_data_report_merchant_click_process" time="10.868"/>
  <testcase classname="com.nexsoft.jcb.test.TestModulReport" name="input_valid_data_report_merchant_click_process_new_temp" time="9.29"/>
  <testcase classname="com.nexsoft.jcb.test.TestModulReport" name="input_invalid_data_tanggal_report_merchant_click_process" time="7.188">
    <failure type="java.lang.AssertionError" message="expected [false] but found [true]">
      <![CDATA[java.lang.AssertionError: expected [false] but found [true]
at com.nexsoft.jcb.test.TestModulReport.input_invalid_data_tanggal_report_merchant_click_process(TestModulReport.java:235)
at java.base/java.util.ArrayList.forEach(ArrayList.java:1541)
... Removed 31 stack frames]]>
    </failure>
  </testcase> <!-- input_invalid_data_tanggal_report_merchant_click_process -->
  <testcase classname="com.nexsoft.jcb.test.TestModulReport" name="input_invalid_data_report_merchant_click_process" time="7.767">
    <failure type="java.lang.AssertionError" message="expected [false] but found [true]">
      <![CDATA[java.lang.AssertionError: expected [false] but found [true]
at com.nexsoft.jcb.test.TestModulReport.input_invalid_data_report_merchant_click_process(TestModulReport.java:267)
at java.base/java.util.ArrayList.forEach(ArrayList.java:1541)
... Removed 31 stack frames]]>
    </failure>
  </testcase> <!-- input_invalid_data_report_merchant_click_process -->
  <testcase classname="com.nexsoft.jcb.test.TestModulReport" name="input_invalid_data_report_merchant_click_process_new_temp" time="7.938">
    <failure type="java.lang.AssertionError" message="expected [false] but found [true]">
      <![CDATA[java.lang.AssertionError: expected [false] but found [true]
at com.nexsoft.jcb.test.TestModulReport.input_invalid_data_report_merchant_click_process_new_temp(TestModulReport.java:297)
at java.base/java.util.ArrayList.forEach(ArrayList.java:1541)
... Removed 31 stack frames]]>
    </failure>
  </testcase> <!-- input_invalid_data_report_merchant_click_process_new_temp -->
</testsuite> <!-- Report Test -->
