<?xml version="1.0" encoding="UTF-8"?>
<!-- Generated by org.testng.reporters.JUnitReportReporter -->
<testsuite hostname="DESKTOP-HSNMEPH" failures="0" tests="13" name="com.nexsoft.jcb.test.TestModulLogin" time="0.124" errors="1" timestamp="2022-07-04T11:17:14 ICT" skipped="12">
  <testcase classname="com.nexsoft.jcb.test.TestModulLogin" name="input_username_tanpa_password_dan_tekan_login" time="0.000">
    <skipped/>
  </testcase> <!-- input_username_tanpa_password_dan_tekan_login -->
  <system-out/>
  <testcase classname="com.nexsoft.jcb.test.TestModulLogin" name="initial" time="0.123">
    <error message="The driver executable must exist: C:\Antoni\chromedriver.exe" type="java.lang.IllegalStateException">
      <![CDATA[java.lang.IllegalStateException: The driver executable must exist: C:\Antoni\chromedriver.exe
at org.openqa.selenium.internal.Require$FileStateChecker.isFile(Require.java:315)
at org.openqa.selenium.remote.service.DriverService.checkExecutable(DriverService.java:144)
at org.openqa.selenium.remote.service.DriverService.findExecutable(DriverService.java:139)
at org.openqa.selenium.chrome.ChromeDriverService.access$000(ChromeDriverService.java:38)
at org.openqa.selenium.chrome.ChromeDriverService$Builder.findDefaultExecutable(ChromeDriverService.java:231)
at org.openqa.selenium.remote.service.DriverService$Builder.build(DriverService.java:434)
at org.openqa.selenium.chrome.ChromeDriverService.createDefaultService(ChromeDriverService.java:127)
at org.openqa.selenium.chrome.ChromeDriver.<init>(ChromeDriver.java:46)
at com.nexsoft.jcb.test.TestModulLogin.initial(TestModulLogin.java:22)
at java.base/jdk.internal.reflect.NativeMethodAccessorImpl.invoke0(Native Method)
at java.base/jdk.internal.reflect.NativeMethodAccessorImpl.invoke(NativeMethodAccessorImpl.java:62)
at java.base/jdk.internal.reflect.DelegatingMethodAccessorImpl.invoke(DelegatingMethodAccessorImpl.java:43)
at java.base/java.lang.reflect.Method.invoke(Method.java:566)
at org.testng.internal.invokers.MethodInvocationHelper.invokeMethod(MethodInvocationHelper.java:139)
at org.testng.internal.invokers.MethodInvocationHelper.invokeMethodConsideringTimeout(MethodInvocationHelper.java:69)
at org.testng.internal.invokers.ConfigInvoker.invokeConfigurationMethod(ConfigInvoker.java:361)
at org.testng.internal.invokers.ConfigInvoker.invokeConfigurations(ConfigInvoker.java:296)
at org.testng.internal.invokers.TestMethodWorker.invokeBeforeClassMethods(TestMethodWorker.java:180)
at org.testng.internal.invokers.TestMethodWorker.run(TestMethodWorker.java:122)
at java.base/java.util.ArrayList.forEach(ArrayList.java:1541)
at org.testng.TestRunner.privateRun(TestRunner.java:806)
at org.testng.TestRunner.run(TestRunner.java:601)
at org.testng.SuiteRunner.runTest(SuiteRunner.java:433)
at org.testng.SuiteRunner.runSequentially(SuiteRunner.java:427)
at org.testng.SuiteRunner.privateRun(SuiteRunner.java:387)
at org.testng.SuiteRunner.run(SuiteRunner.java:330)
at org.testng.SuiteRunnerWorker.runSuite(SuiteRunnerWorker.java:52)
at org.testng.SuiteRunnerWorker.run(SuiteRunnerWorker.java:95)
at org.testng.TestNG.runSuitesSequentially(TestNG.java:1256)
at org.testng.TestNG.runSuitesLocally(TestNG.java:1176)
at org.testng.TestNG.runSuites(TestNG.java:1099)
at org.testng.TestNG.run(TestNG.java:1067)
at org.testng.remote.AbstractRemoteTestNG.run(AbstractRemoteTestNG.java:115)
at org.testng.remote.RemoteTestNG.initAndRun(RemoteTestNG.java:251)
at org.testng.remote.RemoteTestNG.main(RemoteTestNG.java:77)
]]>
    </error>
  </testcase> <!-- initial -->
  <system-out/>
  <testcase classname="com.nexsoft.jcb.test.TestModulLogin" name="input_password_tanpa_username_dan_tekan_login" time="0.000">
    <skipped/>
  </testcase> <!-- input_password_tanpa_username_dan_tekan_login -->
  <system-out/>
  <testcase classname="com.nexsoft.jcb.test.TestModulLogin" name="input_username_invalid_dan_password_valid_dan_tekan_login" time="0.001">
    <skipped/>
  </testcase> <!-- input_username_invalid_dan_password_valid_dan_tekan_login -->
  <system-out/>
  <testcase classname="com.nexsoft.jcb.test.TestModulLogin" name="input_username_valid_dan_password_invalid_dan_tekan_login" time="0.000">
    <skipped/>
  </testcase> <!-- input_username_valid_dan_password_invalid_dan_tekan_login -->
  <system-out/>
  <testcase classname="com.nexsoft.jcb.test.TestModulLogin" name="input_username_panjang_dan_tekan_login" time="0.000">
    <skipped/>
  </testcase> <!-- input_username_panjang_dan_tekan_login -->
  <system-out/>
  <testcase classname="com.nexsoft.jcb.test.TestModulLogin" name="input_password_panjang_dan_tekan_login" time="0.000">
    <skipped/>
  </testcase> <!-- input_password_panjang_dan_tekan_login -->
  <system-out/>
  <testcase classname="com.nexsoft.jcb.test.TestModulLogin" name="input_username_valid_dengan_huruf_besar_kecil_dan_tekan_login" time="0.000">
    <skipped/>
  </testcase> <!-- input_username_valid_dengan_huruf_besar_kecil_dan_tekan_login -->
  <system-out/>
  <testcase classname="com.nexsoft.jcb.test.TestModulLogin" name="input_password_valid_dengan_huruf_besar_kecil_dan_tekan_login" time="0.000">
    <skipped/>
  </testcase> <!-- input_password_valid_dengan_huruf_besar_kecil_dan_tekan_login -->
  <system-out/>
  <testcase classname="com.nexsoft.jcb.test.TestModulLogin" name="username_dan_password_kosong" time="0.000">
    <skipped/>
  </testcase> <!-- username_dan_password_kosong -->
  <system-out/>
  <testcase classname="com.nexsoft.jcb.test.TestModulLogin" name="input_username_dan_password_valid_sebagai_admin" time="0.000">
    <skipped/>
  </testcase> <!-- input_username_dan_password_valid_sebagai_admin -->
  <system-out/>
  <testcase classname="com.nexsoft.jcb.test.TestModulLogin" name="input_username_dan_password_valid_sebagai_surveyor" time="0.000">
    <skipped/>
  </testcase> <!-- input_username_dan_password_valid_sebagai_surveyor -->
  <system-out/>
  <testcase classname="com.nexsoft.jcb.test.TestModulLogin" name="tekan_tombol_logout_setelah_berhasil_login" time="0.000">
    <skipped/>
  </testcase> <!-- tekan_tombol_logout_setelah_berhasil_login -->
  <system-out/>
</testsuite> <!-- com.nexsoft.jcb.test.TestModulLogin -->
