<?xml version="1.0" encoding="UTF-8"?>
<!-- Generated by org.testng.reporters.JUnitReportReporter -->
<testsuite hostname="DESKTOP-HSNMEPH" failures="1" tests="12" name="com.nexsoft.jcb.test.TestFiturReturnVisitPage" time="534.987" errors="0" timestamp="2022-07-14T23:41:05 ICT" skipped="0">
  <testcase classname="com.nexsoft.jcb.test.TestFiturReturnVisitPage" name="edit_data_valid_data_merchant" time="20.828"/>
  <system-out/>
  <testcase classname="com.nexsoft.jcb.test.TestFiturReturnVisitPage" name="edit_data_blank_data_merchant" time="22.959"/>
  <system-out>
    <![CDATA[<img src='file://D:\Bootcamp\jcb\Screenshot\Error_20220714_232226.PNG'height="350" width="792"/>]]>
  </system-out>
  <testcase classname="com.nexsoft.jcb.test.TestFiturReturnVisitPage" name="edit_data_invalid_data_merchant" time="19.719">
    <failure message="expected [true] but found [false]" type="java.lang.AssertionError">
      <![CDATA[java.lang.AssertionError: expected [true] but found [false]
at org.testng.Assert.fail(Assert.java:110)
at org.testng.Assert.failNotEquals(Assert.java:1413)
at org.testng.Assert.assertTrue(Assert.java:56)
at org.testng.Assert.assertTrue(Assert.java:66)
at com.nexsoft.jcb.test.TestFiturReturnVisitPage.edit_data_invalid_data_merchant(TestFiturReturnVisitPage.java:179)
at java.base/jdk.internal.reflect.NativeMethodAccessorImpl.invoke0(Native Method)
at java.base/jdk.internal.reflect.NativeMethodAccessorImpl.invoke(NativeMethodAccessorImpl.java:62)
at java.base/jdk.internal.reflect.DelegatingMethodAccessorImpl.invoke(DelegatingMethodAccessorImpl.java:43)
at java.base/java.lang.reflect.Method.invoke(Method.java:566)
at org.testng.internal.invokers.MethodInvocationHelper.invokeMethod(MethodInvocationHelper.java:139)
at org.testng.internal.invokers.TestInvoker.invokeMethod(TestInvoker.java:677)
at org.testng.internal.invokers.TestInvoker.invokeTestMethod(TestInvoker.java:221)
at org.testng.internal.invokers.MethodRunner.runInSequence(MethodRunner.java:50)
at org.testng.internal.invokers.TestInvoker$MethodInvocationAgent.invoke(TestInvoker.java:962)
at org.testng.internal.invokers.TestInvoker.invokeTestMethods(TestInvoker.java:194)
at org.testng.internal.invokers.TestMethodWorker.invokeTestMethods(TestMethodWorker.java:148)
at org.testng.internal.invokers.TestMethodWorker.run(TestMethodWorker.java:128)
at java.base/java.util.ArrayList.forEach(ArrayList.java:1541)
at org.testng.TestRunner.privateRun(TestRunner.java:806)
at org.testng.TestRunner.run(TestRunner.java:601)
at org.testng.SuiteRunner.runTest(SuiteRunner.java:433)
at org.testng.SuiteRunner.runSequentially(SuiteRunner.java:427)
at org.testng.SuiteRunner.privateRun(SuiteRunner.java:387)
at org.testng.SuiteRunner.run(SuiteRunner.java:330)
at org.testng.SuiteRunnerWorker.runSuite(SuiteRunnerWorker.java:52)
at org.testng.SuiteRunnerWorker.run(SuiteRunnerWorker.java:95)
at org.testng.TestNG.runSuitesSequentially(TestNG.java:1256)
at org.testng.TestNG.runSuitesLocally(TestNG.java:1176)
at org.testng.TestNG.runSuites(TestNG.java:1099)
at org.testng.TestNG.run(TestNG.java:1067)
at org.testng.remote.AbstractRemoteTestNG.run(AbstractRemoteTestNG.java:115)
at org.testng.remote.RemoteTestNG.initAndRun(RemoteTestNG.java:251)
at org.testng.remote.RemoteTestNG.main(RemoteTestNG.java:77)
]]>
    </failure>
  </testcase> <!-- edit_data_invalid_data_merchant -->
  <system-out>
    <![CDATA[<img src='file://D:\Bootcamp\jcb\Screenshot\Error_20220714_232245.PNG'height="350" width="792"/>]]>
  </system-out>
  <testcase classname="com.nexsoft.jcb.test.TestFiturReturnVisitPage" name="add_TID_valid_data" time="61.089"/>
  <system-out/>
  <testcase classname="com.nexsoft.jcb.test.TestFiturReturnVisitPage" name="add_TID_invalid_data_size_file" time="35.277"/>
  <system-out>
    <![CDATA[<img src='file://D:\Bootcamp\jcb\Screenshot\Error_20220714_232421.PNG'height="350" width="792"/>]]>
  </system-out>
  <testcase classname="com.nexsoft.jcb.test.TestFiturReturnVisitPage" name="add_TID_invalid_data_file_xlsx" time="29.063"/>
  <system-out>
    <![CDATA[<img src='file://D:\Bootcamp\jcb\Screenshot\Error_20220714_232449.PNG'height="350" width="792"/>]]>
  </system-out>
  <testcase classname="com.nexsoft.jcb.test.TestFiturReturnVisitPage" name="add_TID_invalid_data_file_pdf" time="37.658"/>
  <system-out>
    <![CDATA[<img src='file://D:\Bootcamp\jcb\Screenshot\Error_20220714_232527.PNG'height="350" width="792"/>]]>
  </system-out>
  <testcase classname="com.nexsoft.jcb.test.TestFiturReturnVisitPage" name="collateral_choice" time="15.586"/>
  <system-out/>
  <testcase classname="com.nexsoft.jcb.test.TestFiturReturnVisitPage" name="V_M_Amex__CUP_choice" time="18.085"/>
  <system-out/>
  <testcase classname="com.nexsoft.jcb.test.TestFiturReturnVisitPage" name="gimmick_choice" time="14.776"/>
  <system-out/>
  <testcase classname="com.nexsoft.jcb.test.TestFiturReturnVisitPage" name="upload_photo_visit_merchant" time="116.557"/>
  <system-out/>
  <testcase classname="com.nexsoft.jcb.test.TestFiturReturnVisitPage" name="upload_photo_visit_merchant_invalid_data" time="143.390"/>
  <system-out>
    <![CDATA[<img src='file://D:\Bootcamp\jcb\Screenshot\Error_20220714_233036.PNG'height="350" width="792"/>
<img src='file://D:\Bootcamp\jcb\Screenshot\Error_20220714_233036.PNG'height="350" width="792"/>]]>
  </system-out>
</testsuite> <!-- com.nexsoft.jcb.test.TestFiturReturnVisitPage -->
